#
# There is insufficient memory for the Java Runtime Environment to continue.
# Native memory allocation (malloc) failed to allocate 284016 bytes for Chunk::new
# Possible reasons:
#   The system is out of physical RAM or swap space
#   The process is running with CompressedOops enabled, and the Java Heap may be blocking the growth of the native heap
# Possible solutions:
#   Reduce memory load on the system
#   Increase physical memory or swap space
#   Check if swap backing store is full
#   Decrease Java heap size (-Xmx/-Xms)
#   Decrease number of Java threads
#   Decrease Java thread stack sizes (-Xss)
#   Set larger code cache with -XX:ReservedCodeCacheSize=
#   JVM is running with Unscaled Compressed Oops mode in which the Java heap is
#     placed in the first 4GB address space. The Java Heap base address is the
#     maximum limit for the native heap growth. Please use -XX:HeapBaseMinAddress
#     to set the Java Heap base and to place the Java Heap above 4GB virtual address.
# This output file may be truncated or incomplete.
#
#  Out of Memory Error (arena.cpp:189), pid=24548, tid=25444
#
# JRE version: Java(TM) SE Runtime Environment (17.0.15+9) (build 17.0.15+9-LTS-241)
# Java VM: Java HotSpot(TM) 64-Bit Server VM (17.0.15+9-LTS-241, mixed mode, sharing, tiered, compressed oops, compressed class ptrs, g1 gc, windows-amd64)
# No core dump will be written. Minidumps are not enabled by default on client versions of Windows
#

---------------  S U M M A R Y ------------

Command Line: -Xmx64m -Xms64m -Dorg.gradle.appname=gradlew org.gradle.wrapper.GradleWrapperMain assembleRelease

Host: AMD Ryzen 5 PRO 4655G with Radeon Graphics     , 12 cores, 7G,  Windows 11 , 64 bit Build 26100 (10.0.26100.6725)
Time: Mon Oct 27 16:27:17 2025 Taipei Standard Time elapsed time: 657.062801 seconds (0d 0h 10m 57s)

---------------  T H R E A D  ---------------

Current thread (0x00000270ff761840):  JavaThread "C2 CompilerThread0" daemon [_thread_in_native, id=25444, stack(0x00000099fca00000,0x00000099fcb00000)]


Current CompileTask:
C2: 657063 2205       4       java.util.concurrent.ScheduledThreadPoolExecutor$ScheduledFutureTask::run (57 bytes)

Stack: [0x00000099fca00000,0x00000099fcb00000]
Native frames: (J=compiled Java code, j=interpreted, Vv=VM code, C=native code)
V  [jvm.dll+0x67a46a]
V  [jvm.dll+0x7da6ad]
V  [jvm.dll+0x7dbff3]
V  [jvm.dll+0x7dc663]
V  [jvm.dll+0x24523f]
V  [jvm.dll+0xab763]
V  [jvm.dll+0xabd2c]
V  [jvm.dll+0x361ebf]
V  [jvm.dll+0x32c5e1]
V  [jvm.dll+0x32ba7a]
V  [jvm.dll+0x2169ef]
V  [jvm.dll+0x215e1f]
V  [jvm.dll+0x1a2a00]
V  [jvm.dll+0x2262bb]
V  [jvm.dll+0x22445b]
V  [jvm.dll+0x790acc]
V  [jvm.dll+0x78b0ba]
V  [jvm.dll+0x679355]
C  [ucrtbase.dll+0x37b0]
C  [KERNEL32.DLL+0x2e8d7]
C  [ntdll.dll+0x8c53c]


---------------  P R O C E S S  ---------------

Threads class SMR info:
_java_thread_list=0x00000270df395920, length=13, elements={
0x00000270fe305630, 0x00000270ff71df90, 0x00000270ff71e750, 0x00000270ff736d70,
0x00000270ff737530, 0x00000270ff73a110, 0x00000270ff75e6f0, 0x00000270ff761840,
0x00000270ff7639c0, 0x00000270ff7642e0, 0x0000027098a11670, 0x0000027098a1eb90,
0x00000270dec62a10
}

Java Threads: ( => current thread )
  0x00000270fe305630 JavaThread "main" [_thread_in_native, id=26456, stack(0x00000099fbd00000,0x00000099fbe00000)]
  0x00000270ff71df90 JavaThread "Reference Handler" daemon [_thread_blocked, id=12912, stack(0x00000099fc400000,0x00000099fc500000)]
  0x00000270ff71e750 JavaThread "Finalizer" daemon [_thread_blocked, id=25268, stack(0x00000099fc500000,0x00000099fc600000)]
  0x00000270ff736d70 JavaThread "Signal Dispatcher" daemon [_thread_blocked, id=23268, stack(0x00000099fc600000,0x00000099fc700000)]
  0x00000270ff737530 JavaThread "Attach Listener" daemon [_thread_blocked, id=24044, stack(0x00000099fc700000,0x00000099fc800000)]
  0x00000270ff73a110 JavaThread "Service Thread" daemon [_thread_blocked, id=18324, stack(0x00000099fc800000,0x00000099fc900000)]
  0x00000270ff75e6f0 JavaThread "Monitor Deflation Thread" daemon [_thread_blocked, id=24212, stack(0x00000099fc900000,0x00000099fca00000)]
=>0x00000270ff761840 JavaThread "C2 CompilerThread0" daemon [_thread_in_native, id=25444, stack(0x00000099fca00000,0x00000099fcb00000)]
  0x00000270ff7639c0 JavaThread "C1 CompilerThread0" daemon [_thread_blocked, id=26632, stack(0x00000099fcb00000,0x00000099fcc00000)]
  0x00000270ff7642e0 JavaThread "Sweeper thread" daemon [_thread_blocked, id=5412, stack(0x00000099fcc00000,0x00000099fcd00000)]
  0x0000027098a11670 JavaThread "Notification Thread" daemon [_thread_blocked, id=13372, stack(0x00000099fcd00000,0x00000099fce00000)]
  0x0000027098a1eb90 JavaThread "Common-Cleaner" daemon [_thread_blocked, id=19356, stack(0x00000099fcf00000,0x00000099fd000000)]
  0x00000270dec62a10 JavaThread "pool-1-thread-1" [_thread_blocked, id=21152, stack(0x00000099fd500000,0x00000099fd600000)]

Other Threads:
  0x00000270ff716930 VMThread "VM Thread" [stack: 0x00000099fc300000,0x00000099fc400000] [id=22080]
  0x0000027098a18bc0 WatcherThread [stack: 0x00000099fce00000,0x00000099fcf00000] [id=10748]
  0x00000270fe328200 GCTaskThread "GC Thread#0" [stack: 0x00000099fbe00000,0x00000099fbf00000] [id=25392]
  0x00000270de221010 GCTaskThread "GC Thread#1" [stack: 0x00000099fd200000,0x00000099fd300000] [id=15640]
  0x00000270de4934d0 GCTaskThread "GC Thread#2" [stack: 0x00000099fd300000,0x00000099fd400000] [id=25024]
  0x00000270de493790 GCTaskThread "GC Thread#3" [stack: 0x00000099fd400000,0x00000099fd500000] [id=23956]
  0x00000270deb6b890 GCTaskThread "GC Thread#4" [stack: 0x00000099fd000000,0x00000099fd100000] [id=16896]
  0x00000270de9de5a0 GCTaskThread "GC Thread#5" [stack: 0x00000099fd100000,0x00000099fd200000] [id=15200]
  0x0000027098c8cf70 GCTaskThread "GC Thread#6" [stack: 0x00000099fd600000,0x00000099fd700000] [id=16208]
  0x00000270fe32aac0 ConcurrentGCThread "G1 Main Marker" [stack: 0x00000099fbf00000,0x00000099fc000000] [id=21168]
  0x00000270fe32c040 ConcurrentGCThread "G1 Conc#0" [stack: 0x00000099fc000000,0x00000099fc100000] [id=25596]
  0x00000270ff5e0090 ConcurrentGCThread "G1 Refine#0" [stack: 0x00000099fc100000,0x00000099fc200000] [id=12484]
  0x00000270ff5e1580 ConcurrentGCThread "G1 Service" [stack: 0x00000099fc200000,0x00000099fc300000] [id=26328]

Threads with active compile tasks:
C2 CompilerThread0   694825 2205       4       java.util.concurrent.ScheduledThreadPoolExecutor$ScheduledFutureTask::run (57 bytes)

VM state: not at safepoint (normal execution)

VM Mutex/Monitor currently owned by a thread: None

Heap address: 0x00000000fc000000, size: 64 MB, Compressed Oops mode: 32-bit

CDS archive(s) mapped at: [0x0000027099000000-0x0000027099bd0000-0x0000027099bd0000), size 12386304, SharedBaseAddress: 0x0000027099000000, ArchiveRelocationMode: 1.
Compressed class space mapped at: 0x000002709a000000-0x00000270da000000, reserved size: 1073741824
Narrow klass base: 0x0000027099000000, Narrow klass shift: 0, Narrow klass range: 0x100000000

GC Precious Log:
 CPUs: 12 total, 12 available
 Memory: 7568M
 Large Page Support: Disabled
 NUMA Support: Disabled
 Compressed Oops: Enabled (32-bit)
 Heap Region Size: 1M
 Heap Min Capacity: 64M
 Heap Initial Capacity: 64M
 Heap Max Capacity: 64M
 Pre-touch: Disabled
 Parallel Workers: 10
 Concurrent Workers: 3
 Concurrent Refinement Workers: 10
 Periodic GC: Disabled

Heap:
 garbage-first heap   total 65536K, used 35884K [0x00000000fc000000, 0x0000000100000000)
  region size 1024K, 30 young (30720K), 5 survivors (5120K)
 Metaspace       used 9667K, committed 9856K, reserved 1114112K
  class space    used 1257K, committed 1344K, reserved 1048576K

Heap Regions: E=young(eden), S=young(survivor), O=old, HS=humongous(starts), HC=humongous(continues), CS=collection set, F=free, OA=open archive, CA=closed archive, TAMS=top-at-mark-start (previous, next)
|   0|0x00000000fc000000, 0x00000000fc100000, 0x00000000fc100000|100%|HS|  |TAMS 0x00000000fc000000, 0x00000000fc000000| Complete 
|   1|0x00000000fc100000, 0x00000000fc200000, 0x00000000fc200000|100%|HC|  |TAMS 0x00000000fc100000, 0x00000000fc100000| Complete 
|   2|0x00000000fc200000, 0x00000000fc300000, 0x00000000fc300000|100%|HC|  |TAMS 0x00000000fc200000, 0x00000000fc200000| Complete 
|   3|0x00000000fc300000, 0x00000000fc400000, 0x00000000fc400000|100%| O|  |TAMS 0x00000000fc300000, 0x00000000fc300000| Untracked 
|   4|0x00000000fc400000, 0x00000000fc500000, 0x00000000fc500000|100%| O|  |TAMS 0x00000000fc400000, 0x00000000fc400000| Untracked 
|   5|0x00000000fc500000, 0x00000000fc600000, 0x00000000fc600000|100%| O|  |TAMS 0x00000000fc500000, 0x00000000fc500000| Untracked 
|   6|0x00000000fc600000, 0x00000000fc60b200, 0x00000000fc700000|  4%| O|  |TAMS 0x00000000fc600000, 0x00000000fc600000| Untracked 
|   7|0x00000000fc700000, 0x00000000fc700000, 0x00000000fc800000|  0%| F|  |TAMS 0x00000000fc700000, 0x00000000fc700000| Untracked 
|   8|0x00000000fc800000, 0x00000000fc800000, 0x00000000fc900000|  0%| F|  |TAMS 0x00000000fc800000, 0x00000000fc800000| Untracked 
|   9|0x00000000fc900000, 0x00000000fc900000, 0x00000000fca00000|  0%| F|  |TAMS 0x00000000fc900000, 0x00000000fc900000| Untracked 
|  10|0x00000000fca00000, 0x00000000fca00000, 0x00000000fcb00000|  0%| F|  |TAMS 0x00000000fca00000, 0x00000000fca00000| Untracked 
|  11|0x00000000fcb00000, 0x00000000fcb00000, 0x00000000fcc00000|  0%| F|  |TAMS 0x00000000fcb00000, 0x00000000fcb00000| Untracked 
|  12|0x00000000fcc00000, 0x00000000fcc00000, 0x00000000fcd00000|  0%| F|  |TAMS 0x00000000fcc00000, 0x00000000fcc00000| Untracked 
|  13|0x00000000fcd00000, 0x00000000fcd00000, 0x00000000fce00000|  0%| F|  |TAMS 0x00000000fcd00000, 0x00000000fcd00000| Untracked 
|  14|0x00000000fce00000, 0x00000000fce00000, 0x00000000fcf00000|  0%| F|  |TAMS 0x00000000fce00000, 0x00000000fce00000| Untracked 
|  15|0x00000000fcf00000, 0x00000000fcf00000, 0x00000000fd000000|  0%| F|  |TAMS 0x00000000fcf00000, 0x00000000fcf00000| Untracked 
|  16|0x00000000fd000000, 0x00000000fd000000, 0x00000000fd100000|  0%| F|  |TAMS 0x00000000fd000000, 0x00000000fd000000| Untracked 
|  17|0x00000000fd100000, 0x00000000fd100000, 0x00000000fd200000|  0%| F|  |TAMS 0x00000000fd100000, 0x00000000fd100000| Untracked 
|  18|0x00000000fd200000, 0x00000000fd200000, 0x00000000fd300000|  0%| F|  |TAMS 0x00000000fd200000, 0x00000000fd200000| Untracked 
|  19|0x00000000fd300000, 0x00000000fd300000, 0x00000000fd400000|  0%| F|  |TAMS 0x00000000fd300000, 0x00000000fd300000| Untracked 
|  20|0x00000000fd400000, 0x00000000fd400000, 0x00000000fd500000|  0%| F|  |TAMS 0x00000000fd400000, 0x00000000fd400000| Untracked 
|  21|0x00000000fd500000, 0x00000000fd500000, 0x00000000fd600000|  0%| F|  |TAMS 0x00000000fd500000, 0x00000000fd500000| Untracked 
|  22|0x00000000fd600000, 0x00000000fd600000, 0x00000000fd700000|  0%| F|  |TAMS 0x00000000fd600000, 0x00000000fd600000| Untracked 
|  23|0x00000000fd700000, 0x00000000fd700000, 0x00000000fd800000|  0%| F|  |TAMS 0x00000000fd700000, 0x00000000fd700000| Untracked 
|  24|0x00000000fd800000, 0x00000000fd800000, 0x00000000fd900000|  0%| F|  |TAMS 0x00000000fd800000, 0x00000000fd800000| Untracked 
|  25|0x00000000fd900000, 0x00000000fd900000, 0x00000000fda00000|  0%| F|  |TAMS 0x00000000fd900000, 0x00000000fd900000| Untracked 
|  26|0x00000000fda00000, 0x00000000fdb00000, 0x00000000fdb00000|100%| S|CS|TAMS 0x00000000fda00000, 0x00000000fda00000| Complete 
|  27|0x00000000fdb00000, 0x00000000fdc00000, 0x00000000fdc00000|100%| S|CS|TAMS 0x00000000fdb00000, 0x00000000fdb00000| Complete 
|  28|0x00000000fdc00000, 0x00000000fdd00000, 0x00000000fdd00000|100%| S|CS|TAMS 0x00000000fdc00000, 0x00000000fdc00000| Complete 
|  29|0x00000000fdd00000, 0x00000000fde00000, 0x00000000fde00000|100%| S|CS|TAMS 0x00000000fdd00000, 0x00000000fdd00000| Complete 
|  30|0x00000000fde00000, 0x00000000fdf00000, 0x00000000fdf00000|100%| S|CS|TAMS 0x00000000fde00000, 0x00000000fde00000| Complete 
|  31|0x00000000fdf00000, 0x00000000fdf00000, 0x00000000fe000000|  0%| F|  |TAMS 0x00000000fdf00000, 0x00000000fdf00000| Untracked 
|  32|0x00000000fe000000, 0x00000000fe000000, 0x00000000fe100000|  0%| F|  |TAMS 0x00000000fe000000, 0x00000000fe000000| Untracked 
|  33|0x00000000fe100000, 0x00000000fe100000, 0x00000000fe200000|  0%| F|  |TAMS 0x00000000fe100000, 0x00000000fe100000| Untracked 
|  34|0x00000000fe200000, 0x00000000fe200000, 0x00000000fe300000|  0%| F|  |TAMS 0x00000000fe200000, 0x00000000fe200000| Untracked 
|  35|0x00000000fe300000, 0x00000000fe300000, 0x00000000fe400000|  0%| F|  |TAMS 0x00000000fe300000, 0x00000000fe300000| Untracked 
|  36|0x00000000fe400000, 0x00000000fe400000, 0x00000000fe500000|  0%| F|  |TAMS 0x00000000fe400000, 0x00000000fe400000| Untracked 
|  37|0x00000000fe500000, 0x00000000fe500000, 0x00000000fe600000|  0%| F|  |TAMS 0x00000000fe500000, 0x00000000fe500000| Untracked 
|  38|0x00000000fe600000, 0x00000000fe600000, 0x00000000fe700000|  0%| F|  |TAMS 0x00000000fe600000, 0x00000000fe600000| Untracked 
|  39|0x00000000fe700000, 0x00000000fe7486d8, 0x00000000fe800000| 28%| E|  |TAMS 0x00000000fe700000, 0x00000000fe700000| Complete 
|  40|0x00000000fe800000, 0x00000000fe900000, 0x00000000fe900000|100%| E|CS|TAMS 0x00000000fe800000, 0x00000000fe800000| Complete 
|  41|0x00000000fe900000, 0x00000000fea00000, 0x00000000fea00000|100%| E|CS|TAMS 0x00000000fe900000, 0x00000000fe900000| Complete 
|  42|0x00000000fea00000, 0x00000000feb00000, 0x00000000feb00000|100%| E|CS|TAMS 0x00000000fea00000, 0x00000000fea00000| Complete 
|  43|0x00000000feb00000, 0x00000000fec00000, 0x00000000fec00000|100%| E|CS|TAMS 0x00000000feb00000, 0x00000000feb00000| Complete 
|  44|0x00000000fec00000, 0x00000000fed00000, 0x00000000fed00000|100%| E|CS|TAMS 0x00000000fec00000, 0x00000000fec00000| Complete 
|  45|0x00000000fed00000, 0x00000000fee00000, 0x00000000fee00000|100%| E|CS|TAMS 0x00000000fed00000, 0x00000000fed00000| Complete 
|  46|0x00000000fee00000, 0x00000000fef00000, 0x00000000fef00000|100%| E|CS|TAMS 0x00000000fee00000, 0x00000000fee00000| Complete 
|  47|0x00000000fef00000, 0x00000000ff000000, 0x00000000ff000000|100%| E|CS|TAMS 0x00000000fef00000, 0x00000000fef00000| Complete 
|  48|0x00000000ff000000, 0x00000000ff100000, 0x00000000ff100000|100%| E|CS|TAMS 0x00000000ff000000, 0x00000000ff000000| Complete 
|  49|0x00000000ff100000, 0x00000000ff200000, 0x00000000ff200000|100%| E|CS|TAMS 0x00000000ff100000, 0x00000000ff100000| Complete 
|  50|0x00000000ff200000, 0x00000000ff300000, 0x00000000ff300000|100%| E|CS|TAMS 0x00000000ff200000, 0x00000000ff200000| Complete 
|  51|0x00000000ff300000, 0x00000000ff400000, 0x00000000ff400000|100%| E|CS|TAMS 0x00000000ff300000, 0x00000000ff300000| Complete 
|  52|0x00000000ff400000, 0x00000000ff500000, 0x00000000ff500000|100%| E|CS|TAMS 0x00000000ff400000, 0x00000000ff400000| Complete 
|  53|0x00000000ff500000, 0x00000000ff600000, 0x00000000ff600000|100%| E|CS|TAMS 0x00000000ff500000, 0x00000000ff500000| Complete 
|  54|0x00000000ff600000, 0x00000000ff700000, 0x00000000ff700000|100%| E|CS|TAMS 0x00000000ff600000, 0x00000000ff600000| Complete 
|  55|0x00000000ff700000, 0x00000000ff800000, 0x00000000ff800000|100%| E|CS|TAMS 0x00000000ff700000, 0x00000000ff700000| Complete 
|  56|0x00000000ff800000, 0x00000000ff900000, 0x00000000ff900000|100%| E|CS|TAMS 0x00000000ff800000, 0x00000000ff800000| Complete 
|  57|0x00000000ff900000, 0x00000000ffa00000, 0x00000000ffa00000|100%| E|CS|TAMS 0x00000000ff900000, 0x00000000ff900000| Complete 
|  58|0x00000000ffa00000, 0x00000000ffb00000, 0x00000000ffb00000|100%| E|CS|TAMS 0x00000000ffa00000, 0x00000000ffa00000| Complete 
|  59|0x00000000ffb00000, 0x00000000ffc00000, 0x00000000ffc00000|100%| E|CS|TAMS 0x00000000ffb00000, 0x00000000ffb00000| Complete 
|  60|0x00000000ffc00000, 0x00000000ffd00000, 0x00000000ffd00000|100%| E|CS|TAMS 0x00000000ffc00000, 0x00000000ffc00000| Complete 
|  61|0x00000000ffd00000, 0x00000000ffe00000, 0x00000000ffe00000|100%| E|CS|TAMS 0x00000000ffd00000, 0x00000000ffd00000| Complete 
|  62|0x00000000ffe00000, 0x00000000fff00000, 0x00000000fff00000|100%| E|CS|TAMS 0x00000000ffe00000, 0x00000000ffe00000| Complete 
|  63|0x00000000fff00000, 0x0000000100000000, 0x0000000100000000|100%| E|CS|TAMS 0x00000000fff00000, 0x00000000fff00000| Complete 

Card table byte_map: [0x00000270fc260000,0x00000270fc280000] _byte_map_base: 0x00000270fba80000

Marking Bits (Prev, Next): (CMBitMap*) 0x00000270fe328820, (CMBitMap*) 0x00000270fe328860
 Prev Bits: [0x00000270fe920000, 0x00000270fea20000)
 Next Bits: [0x00000270fea20000, 0x00000270feb20000)

Polling page: 0x00000270fc210000

Metaspace:

Usage:
  Non-class:      8.21 MB used.
      Class:      1.23 MB used.
       Both:      9.44 MB used.

Virtual space:
  Non-class space:       64.00 MB reserved,       8.31 MB ( 13%) committed,  1 nodes.
      Class space:        1.00 GB reserved,       1.31 MB ( <1%) committed,  1 nodes.
             Both:        1.06 GB reserved,       9.62 MB ( <1%) committed. 

Chunk freelists:
   Non-Class:  7.64 MB
       Class:  14.51 MB
        Both:  22.15 MB

MaxMetaspaceSize: unlimited
CompressedClassSpaceSize: 1.00 GB
Initial GC threshold: 21.00 MB
Current GC threshold: 21.00 MB
CDS: on
MetaspaceReclaimPolicy: balanced
 - commit_granule_bytes: 65536.
 - commit_granule_words: 8192.
 - virtual_space_node_default_size: 8388608.
 - enlarge_chunks_in_place: 1.
 - new_chunks_are_fully_committed: 0.
 - uncommit_free_chunks: 1.
 - use_allocation_guard: 0.
 - handle_deallocations: 1.


Internal statistics:

num_allocs_failed_limit: 0.
num_arena_births: 80.
num_arena_deaths: 0.
num_vsnodes_births: 2.
num_vsnodes_deaths: 0.
num_space_committed: 154.
num_space_uncommitted: 0.
num_chunks_returned_to_freelist: 0.
num_chunks_taken_from_freelist: 344.
num_chunk_merges: 0.
num_chunk_splits: 228.
num_chunks_enlarged: 182.
num_inconsistent_stats: 0.

CodeHeap 'non-profiled nmethods': size=120000Kb used=1295Kb max_used=1295Kb free=118705Kb
 bounds [0x000002708f2f0000, 0x000002708f560000, 0x0000027096820000]
CodeHeap 'profiled nmethods': size=120000Kb used=4009Kb max_used=4009Kb free=115990Kb
 bounds [0x0000027087820000, 0x0000027087c10000, 0x000002708ed50000]
CodeHeap 'non-nmethods': size=5760Kb used=1172Kb max_used=1209Kb free=4587Kb
 bounds [0x000002708ed50000, 0x000002708efc0000, 0x000002708f2f0000]
 total_blobs=2670 nmethods=2202 adapters=381
 compilation: enabled
              stopped_count=0, restarted_count=0
 full_count=0

Compilation events (20 events):
Event: 590.429 Thread 0x00000270ff761840 nmethod 2195 0x000002708f432990 code [0x000002708f432b20, 0x000002708f432d98]
Event: 595.213 Thread 0x00000270ff761840 2196       4       com.google.common.collect.AbstractIndexedListIterator::hasNext (17 bytes)
Event: 595.214 Thread 0x00000270ff761840 nmethod 2196 0x000002708f433010 code [0x000002708f433180, 0x000002708f433218]
Event: 628.730 Thread 0x00000270ff761840 2197       4       org.gradle.internal.logging.console.DefaultColorMap$1::on (1 bytes)
Event: 628.732 Thread 0x00000270ff761840 nmethod 2197 0x000002708f433310 code [0x000002708f433480, 0x000002708f4334f8]
Event: 628.733 Thread 0x00000270ff761840 2198       4       org.gradle.internal.logging.console.DefaultColorMap$1::off (1 bytes)
Event: 628.733 Thread 0x00000270ff761840 nmethod 2198 0x000002708f433610 code [0x000002708f433780, 0x000002708f4337f8]
Event: 632.734 Thread 0x00000270ff7639c0 2199       3       org.gradle.internal.serialize.AbstractDecoder$DecoderStream::read (31 bytes)
Event: 632.738 Thread 0x00000270ff7639c0 nmethod 2199 0x0000027087c07790 code [0x0000027087c07940, 0x0000027087c07bc8]
Event: 632.738 Thread 0x00000270ff7639c0 2200       3       java.io.ObjectInputStream$BlockDataInputStream::read (62 bytes)
Event: 632.741 Thread 0x00000270ff7639c0 nmethod 2200 0x0000027087c07d10 code [0x0000027087c07ee0, 0x0000027087c081b8]
Event: 632.741 Thread 0x00000270ff7639c0 2201       3       java.io.ObjectInputStream$PeekInputStream::read (47 bytes)
Event: 632.742 Thread 0x00000270ff7639c0 nmethod 2201 0x0000027087c08310 code [0x0000027087c084c0, 0x0000027087c08788]
Event: 632.742 Thread 0x00000270ff7639c0 2202       3       java.io.ObjectInputStream$HandleTable::markDependency (175 bytes)
Event: 632.748 Thread 0x00000270ff7639c0 nmethod 2202 0x0000027087c08890 code [0x0000027087c08b00, 0x0000027087c09648]
Event: 632.748 Thread 0x00000270ff7639c0 2203   !   3       java.io.ObjectInputStream$ValidationList::doCallbacks (58 bytes)
Event: 632.760 Thread 0x00000270ff7639c0 nmethod 2203 0x0000027087c09a10 code [0x0000027087c09c00, 0x0000027087c0a168]
Event: 653.337 Thread 0x00000270ff761840 2204       4       java.util.concurrent.ThreadPoolExecutor$Worker::unlock (7 bytes)
Event: 653.340 Thread 0x00000270ff761840 nmethod 2204 0x000002708f433910 code [0x000002708f433a80, 0x000002708f433b78]
Event: 653.428 Thread 0x00000270ff761840 2205       4       java.util.concurrent.ScheduledThreadPoolExecutor$ScheduledFutureTask::run (57 bytes)

GC Heap History (4 events):
Event: 0.320 GC heap before
{Heap before GC invocations=0 (full 0):
 garbage-first heap   total 65536K, used 22528K [0x00000000fc000000, 0x0000000100000000)
  region size 1024K, 23 young (23552K), 0 survivors (0K)
 Metaspace       used 1807K, committed 1920K, reserved 1114112K
  class space    used 159K, committed 192K, reserved 1048576K
}
Event: 0.323 GC heap after
{Heap after GC invocations=1 (full 0):
 garbage-first heap   total 65536K, used 2528K [0x00000000fc000000, 0x0000000100000000)
  region size 1024K, 3 young (3072K), 3 survivors (3072K)
 Metaspace       used 1807K, committed 1920K, reserved 1114112K
  class space    used 159K, committed 192K, reserved 1048576K
}
Event: 1.007 GC heap before
{Heap before GC invocations=1 (full 0):
 garbage-first heap   total 65536K, used 36320K [0x00000000fc000000, 0x0000000100000000)
  region size 1024K, 33 young (33792K), 3 survivors (3072K)
 Metaspace       used 7916K, committed 8128K, reserved 1114112K
  class space    used 1085K, committed 1216K, reserved 1048576K
}
Event: 1.013 GC heap after
{Heap after GC invocations=2 (full 0):
 garbage-first heap   total 65536K, used 11308K [0x00000000fc000000, 0x0000000100000000)
  region size 1024K, 5 young (5120K), 5 survivors (5120K)
 Metaspace       used 7916K, committed 8128K, reserved 1114112K
  class space    used 1085K, committed 1216K, reserved 1048576K
}

Deoptimization events (20 events):
Event: 13.332 Thread 0x00000270fe305630 DEOPT PACKING pc=0x0000027087af5efe sp=0x00000099fbdfd040
Event: 13.332 Thread 0x00000270fe305630 DEOPT UNPACKING pc=0x000002708eda2b43 sp=0x00000099fbdfc4b0 mode 0
Event: 23.534 Thread 0x00000270fe305630 DEOPT PACKING pc=0x0000027087af5efe sp=0x00000099fbdfd040
Event: 23.534 Thread 0x00000270fe305630 DEOPT UNPACKING pc=0x000002708eda2b43 sp=0x00000099fbdfc4b0 mode 0
Event: 34.935 Thread 0x00000270dec62a10 Uncommon trap: trap_request=0xffffff45 fr.pc=0x000002708f31bdfc relative=0x000000000000045c
Event: 34.935 Thread 0x00000270dec62a10 Uncommon trap: reason=unstable_if action=reinterpret pc=0x000002708f31bdfc method=java.lang.String.substring(II)Ljava/lang/String; @ 31 c2
Event: 34.935 Thread 0x00000270dec62a10 DEOPT PACKING pc=0x000002708f31bdfc sp=0x00000099fd5fee70
Event: 34.935 Thread 0x00000270dec62a10 DEOPT UNPACKING pc=0x000002708eda23a3 sp=0x00000099fd5fee28 mode 2
Event: 51.633 Thread 0x00000270dec62a10 Uncommon trap: trap_request=0xffffff45 fr.pc=0x000002708f32f408 relative=0x00000000000003e8
Event: 51.633 Thread 0x00000270dec62a10 Uncommon trap: reason=unstable_if action=reinterpret pc=0x000002708f32f408 method=java.lang.AbstractStringBuilder.isLatin1()Z @ 10 c2
Event: 51.633 Thread 0x00000270dec62a10 DEOPT PACKING pc=0x000002708f32f408 sp=0x00000099fd5fe7a0
Event: 51.633 Thread 0x00000270dec62a10 DEOPT UNPACKING pc=0x000002708eda23a3 sp=0x00000099fd5fe710 mode 2
Event: 127.034 Thread 0x00000270dec62a10 DEOPT PACKING pc=0x0000027087affa03 sp=0x00000099fd5fead0
Event: 127.035 Thread 0x00000270dec62a10 DEOPT UNPACKING pc=0x000002708eda2b43 sp=0x00000099fd5fdf40 mode 0
Event: 139.802 Thread 0x00000270fe305630 Uncommon trap: trap_request=0xffffff45 fr.pc=0x000002708f3ad958 relative=0x00000000000001b8
Event: 139.802 Thread 0x00000270fe305630 Uncommon trap: reason=unstable_if action=reinterpret pc=0x000002708f3ad958 method=com.esotericsoftware.kryo.io.Input.require(I)I @ 65 c2
Event: 139.803 Thread 0x00000270fe305630 DEOPT PACKING pc=0x000002708f3ad958 sp=0x00000099fbdfd2a0
Event: 139.803 Thread 0x00000270fe305630 DEOPT UNPACKING pc=0x000002708eda23a3 sp=0x00000099fbdfd250 mode 2
Event: 186.936 Thread 0x00000270dec62a10 DEOPT PACKING pc=0x0000027087afe1f4 sp=0x00000099fd5ff000
Event: 186.936 Thread 0x00000270dec62a10 DEOPT UNPACKING pc=0x000002708eda2b43 sp=0x00000099fd5fe4d0 mode 0

Classes unloaded (0 events):
No events

Classes redefined (0 events):
No events

Internal exceptions (20 events):
Event: 0.121 Thread 0x00000270fe305630 Exception <a 'java/lang/NoSuchMethodError'{0x00000000ffdf5e60}: 'int java.lang.invoke.DirectMethodHandle$Holder.invokeStaticInit(java.lang.Object, java.lang.Object)'> (0x00000000ffdf5e60) 
thrown [s\open\src\hotspot\share\interpreter\linkResolver.cpp, line 759]
Event: 0.538 Thread 0x00000270fe305630 Exception <a 'java/lang/NoSuchMethodError'{0x00000000ff2103f8}: 'java.lang.Object java.lang.invoke.DirectMethodHandle$Holder.invokeStaticInit(java.lang.Object)'> (0x00000000ff2103f8) 
thrown [s\open\src\hotspot\share\interpreter\linkResolver.cpp, line 759]
Event: 0.546 Thread 0x00000270fe305630 Exception <a 'java/lang/NoSuchMethodError'{0x00000000ff22b0c0}: 'int java.lang.invoke.DirectMethodHandle$Holder.invokeSpecial(java.lang.Object, java.lang.Object, java.lang.Object)'> (0x00000000ff22b0c0) 
thrown [s\open\src\hotspot\share\interpreter\linkResolver.cpp, line 759]
Event: 0.550 Thread 0x00000270fe305630 Exception <a 'java/lang/NoSuchMethodError'{0x00000000ff267210}: 'void java.lang.invoke.DirectMethodHandle$Holder.invokeStatic(java.lang.Object, java.lang.Object)'> (0x00000000ff267210) 
thrown [s\open\src\hotspot\share\interpreter\linkResolver.cpp, line 759]
Event: 0.552 Thread 0x00000270fe305630 Implicit null exception at 0x000002708f35b90f to 0x000002708f35be40
Event: 0.552 Thread 0x00000270fe305630 Implicit null exception at 0x000002708f33968f to 0x000002708f339bbc
Event: 0.566 Thread 0x00000270fe305630 Exception <a 'java/lang/NoClassDefFoundError'{0x00000000ff2e6d88}: org/slf4j/impl/StaticMarkerBinder> (0x00000000ff2e6d88) 
thrown [s\open\src\hotspot\share\classfile\systemDictionary.cpp, line 245]
Event: 0.586 Thread 0x00000270fe305630 Exception <a 'java/lang/NoSuchMethodError'{0x00000000ff011fb0}: 'java.lang.Object java.lang.invoke.Invokers$Holder.invoker(java.lang.Object, java.lang.Object, java.lang.Object)'> (0x00000000ff011fb0) 
thrown [s\open\src\hotspot\share\interpreter\linkResolver.cpp, line 759]
Event: 0.587 Thread 0x00000270fe305630 Exception <a 'java/lang/NoSuchMethodError'{0x00000000ff01b108}: 'java.lang.Object java.lang.invoke.DirectMethodHandle$Holder.invokeStatic(java.lang.Object, java.lang.Object, int)'> (0x00000000ff01b108) 
thrown [s\open\src\hotspot\share\interpreter\linkResolver.cpp, line 759]
Event: 0.588 Thread 0x00000270fe305630 Exception <a 'java/lang/NoSuchMethodError'{0x00000000ff026df8}: 'void java.lang.invoke.DelegatingMethodHandle$Holder.delegate(java.lang.Object, java.lang.Object, int, java.lang.Object)'> (0x00000000ff026df8) 
thrown [s\open\src\hotspot\share\interpreter\linkResolver.cpp, line 759]
Event: 0.590 Thread 0x00000270fe305630 Exception <a 'java/lang/NoSuchMethodError'{0x00000000ff03a440}: 'java.lang.Object java.lang.invoke.Invokers$Holder.invokeExact_MT(java.lang.Object, java.lang.Object, java.lang.Object, java.lang.Object)'> (0x00000000ff03a440) 
thrown [s\open\src\hotspot\share\interpreter\linkResolver.cpp, line 759]
Event: 0.596 Thread 0x00000270fe305630 Exception <a 'java/lang/NoSuchMethodError'{0x00000000ff065318}: 'java.lang.Object java.lang.invoke.DirectMethodHandle$Holder.invokeVirtual(java.lang.Object, java.lang.Object, java.lang.Object)'> (0x00000000ff065318) 
thrown [s\open\src\hotspot\share\interpreter\linkResolver.cpp, line 759]
Event: 0.657 Thread 0x00000270fe305630 Exception <a 'java/lang/NoSuchMethodError'{0x00000000fec882a8}: 'java.lang.Object java.lang.invoke.DirectMethodHandle$Holder.newInvokeSpecial(java.lang.Object, java.lang.Object, java.lang.Object, java.lang.Object, java.lang.Object)'> (0x00000000fec882a8) 
thrown [s\open\src\hotspot\share\interpreter\linkResolver.cpp, line 759]
Event: 0.672 Thread 0x00000270fe305630 Exception <a 'java/lang/NoSuchMethodError'{0x00000000febac3d0}: 'void java.lang.invoke.DirectMethodHandle$Holder.invokeSpecial(java.lang.Object, java.lang.Object, java.lang.Object)'> (0x00000000febac3d0) 
thrown [s\open\src\hotspot\share\interpreter\linkResolver.cpp, line 759]
Event: 0.764 Thread 0x00000270fe305630 Exception <a 'java/lang/NoSuchMethodError'{0x00000000fe9c3748}: 'void java.lang.invoke.DirectMethodHandle$Holder.invokeStatic(java.lang.Object, java.lang.Object, java.lang.Object)'> (0x00000000fe9c3748) 
thrown [s\open\src\hotspot\share\interpreter\linkResolver.cpp, line 759]
Event: 0.797 Thread 0x00000270fe305630 Exception <a 'java/lang/NoSuchMethodError'{0x00000000fe3ef9e8}: 'java.lang.Object java.lang.invoke.DirectMethodHandle$Holder.newInvokeSpecial(java.lang.Object, java.lang.Object, java.lang.Object, java.lang.Object, java.lang.Object, java.lang.Object, java.lang.Object, java.lang.Object, java.lang.Object, java.lang.Object, java.lang.Object, java.lang.Object, java.lang.Object, java.lang.Object, java.lang.Object, java.lang.Object, java.lang.Object, java.lang.Object, java.lang.Object, java.lang.Object, java.lang
Event: 0.797 Thread 0x00000270fe305630 Exception <a 'java/lang/NoSuchMethodError'{0x00000000fe3fbff0}: 'java.lang.Object java.lang.invoke.Invokers$Holder.linkToTargetMethod(java.lang.Object, java.lang.Object, java.lang.Object, java.lang.Object, java.lang.Object, java.lang.Object, java.lang.Object, java.lang.Object, java.lang.Object, java.lang.Object, java.lang.Object, java.lang.Object, java.lang.Object, java.lang.Object, java.lang.Object, java.lang.Object, java.lang.Object, java.lang.Object, java.lang.Object, java.lang.Object, java.lang.Object,
Event: 0.825 Thread 0x00000270fe305630 Exception <a 'java/lang/NoSuchMethodError'{0x00000000fe055680}: 'java.lang.Object java.lang.invoke.DirectMethodHandle$Holder.invokeStaticInit(java.lang.Object, int, int, int, int)'> (0x00000000fe055680) 
thrown [s\open\src\hotspot\share\interpreter\linkResolver.cpp, line 759]
Event: 0.993 Thread 0x00000270fe305630 Exception <a 'java/lang/NoSuchMethodError'{0x00000000fdf200a8}: 'java.lang.Object java.lang.invoke.DirectMethodHandle$Holder.invokeStaticInit(java.lang.Object, java.lang.Object, int, int, int, int)'> (0x00000000fdf200a8) 
thrown [s\open\src\hotspot\share\interpreter\linkResolver.cpp, line 759]
Event: 1.006 Thread 0x00000270fe305630 Implicit null exception at 0x000002708f337172 to 0x000002708f337740

VM Operations (20 events):
Event: 446.310 Executing VM operation: Cleanup
Event: 446.310 Executing VM operation: Cleanup done
Event: 447.316 Executing VM operation: Cleanup
Event: 447.316 Executing VM operation: Cleanup done
Event: 481.244 Executing VM operation: HandshakeAllThreads
Event: 481.244 Executing VM operation: HandshakeAllThreads done
Event: 529.778 Executing VM operation: Cleanup
Event: 529.778 Executing VM operation: Cleanup done
Event: 538.867 Executing VM operation: Cleanup
Event: 538.868 Executing VM operation: Cleanup done
Event: 564.097 Executing VM operation: Cleanup
Event: 564.097 Executing VM operation: Cleanup done
Event: 583.293 Executing VM operation: Cleanup
Event: 583.293 Executing VM operation: Cleanup done
Event: 584.305 Executing VM operation: Cleanup
Event: 584.306 Executing VM operation: Cleanup done
Event: 590.363 Executing VM operation: Cleanup
Event: 590.363 Executing VM operation: Cleanup done
Event: 633.686 Executing VM operation: Cleanup
Event: 633.687 Executing VM operation: Cleanup done

Events (20 events):
Event: 4.690 loading class sun/util/logging/internal/LoggingProviderImpl$JULWrapper
Event: 4.690 loading class sun/util/logging/PlatformLogger$ConfigurableBridge$LoggerConfiguration
Event: 4.690 loading class sun/util/logging/PlatformLogger$ConfigurableBridge$LoggerConfiguration done
Event: 4.690 loading class sun/util/logging/internal/LoggingProviderImpl$JULWrapper done
Event: 4.690 loading class java/io/ObjectInputFilter
Event: 4.691 loading class java/io/ObjectInputFilter done
Event: 4.691 loading class java/io/ObjectInputFilter$Config$BuiltinFilterFactory
Event: 4.691 loading class java/io/ObjectInputFilter$Config$BuiltinFilterFactory done
Event: 4.691 loading class jdk/internal/access/JavaObjectInputFilterAccess
Event: 4.691 loading class jdk/internal/access/JavaObjectInputFilterAccess done
Event: 4.691 loading class java/lang/System$Logger$Level
Event: 4.692 loading class java/lang/System$Logger$Level done
Event: 4.692 loading class java/io/Bits
Event: 4.692 loading class java/io/Bits done
Event: 5.228 loading class java/util/ArrayList$ListItr
Event: 5.228 loading class java/util/ArrayList$ListItr done
Event: 6.528 loading class sun/nio/cs/Surrogate$Parser
Event: 6.528 loading class sun/nio/cs/Surrogate$Parser done
Event: 6.528 loading class sun/nio/cs/Surrogate
Event: 6.528 loading class sun/nio/cs/Surrogate done


Dynamic libraries:
0x00007ff797ce0000 - 0x00007ff797cf0000 	C:\Program Files\Java\jdk-17\bin\java.exe
0x00007ff9b2640000 - 0x00007ff9b28a8000 	C:\WINDOWS\SYSTEM32\ntdll.dll
0x00007ff9b1280000 - 0x00007ff9b1349000 	C:\WINDOWS\System32\KERNEL32.DLL
0x00007ff9af7d0000 - 0x00007ff9afbc2000 	C:\WINDOWS\System32\KERNELBASE.dll
0x00007ff9afe80000 - 0x00007ff9affcb000 	C:\WINDOWS\System32\ucrtbase.dll
0x00007ff934a30000 - 0x00007ff934a49000 	C:\Program Files\Java\jdk-17\bin\jli.dll
0x00007ff934a50000 - 0x00007ff934a6b000 	C:\Program Files\Java\jdk-17\bin\VCRUNTIME140.dll
0x00007ff9b2260000 - 0x00007ff9b2314000 	C:\WINDOWS\System32\ADVAPI32.dll
0x00007ff9b0b70000 - 0x00007ff9b0c19000 	C:\WINDOWS\System32\msvcrt.dll
0x00007ff9b0ef0000 - 0x00007ff9b0f96000 	C:\WINDOWS\System32\sechost.dll
0x00007ff9b0c30000 - 0x00007ff9b0d48000 	C:\WINDOWS\System32\RPCRT4.dll
0x00007ff9b0410000 - 0x00007ff9b05d5000 	C:\WINDOWS\System32\USER32.dll
0x00007ff9b0260000 - 0x00007ff9b0287000 	C:\WINDOWS\System32\win32u.dll
0x00007ff9a0100000 - 0x00007ff9a0393000 	C:\WINDOWS\WinSxS\amd64_microsoft.windows.common-controls_6595b64144ccf1df_6.0.26100.6899_none_3e0efeeae32e88c1\COMCTL32.dll
0x00007ff9b09c0000 - 0x00007ff9b09eb000 	C:\WINDOWS\System32\GDI32.dll
0x00007ff9b0090000 - 0x00007ff9b01bd000 	C:\WINDOWS\System32\gdi32full.dll
0x00007ff9afbd0000 - 0x00007ff9afc73000 	C:\WINDOWS\System32\msvcp_win.dll
0x00007ff9a7a60000 - 0x00007ff9a7a6b000 	C:\WINDOWS\SYSTEM32\VERSION.dll
0x00007ff9b09f0000 - 0x00007ff9b0a1f000 	C:\WINDOWS\System32\IMM32.DLL
0x00007ff934a20000 - 0x00007ff934a2c000 	C:\Program Files\Java\jdk-17\bin\vcruntime140_1.dll
0x00007ff934990000 - 0x00007ff934a1e000 	C:\Program Files\Java\jdk-17\bin\msvcp140.dll
0x00007ff933c70000 - 0x00007ff934851000 	C:\Program Files\Java\jdk-17\bin\server\jvm.dll
0x00007ff9b1200000 - 0x00007ff9b1208000 	C:\WINDOWS\System32\PSAPI.DLL
0x00007ff934980000 - 0x00007ff93498a000 	C:\WINDOWS\SYSTEM32\WSOCK32.dll
0x00007ff9a7a20000 - 0x00007ff9a7a55000 	C:\WINDOWS\SYSTEM32\WINMM.dll
0x00007ff9b0af0000 - 0x00007ff9b0b64000 	C:\WINDOWS\System32\WS2_32.dll
0x00007ff9ae5a0000 - 0x00007ff9ae5bb000 	C:\WINDOWS\SYSTEM32\kernel.appcore.dll
0x00007ff934970000 - 0x00007ff93497a000 	C:\Program Files\Java\jdk-17\bin\jimage.dll
0x00007ff9a84c0000 - 0x00007ff9a8702000 	C:\WINDOWS\SYSTEM32\DBGHELP.DLL
0x00007ff9b05e0000 - 0x00007ff9b095b000 	C:\WINDOWS\System32\combase.dll
0x00007ff9b0d70000 - 0x00007ff9b0e47000 	C:\WINDOWS\System32\OLEAUT32.dll
0x00007ff99a0c0000 - 0x00007ff99a0fc000 	C:\WINDOWS\SYSTEM32\dbgcore.DLL
0x00007ff9b01c0000 - 0x00007ff9b0258000 	C:\WINDOWS\System32\bcryptPrimitives.dll
0x00007ff933c40000 - 0x00007ff933c65000 	C:\Program Files\Java\jdk-17\bin\java.dll
0x00007ff933b60000 - 0x00007ff933c37000 	C:\Program Files\Java\jdk-17\bin\jsvml.dll
0x00007ff9b1b10000 - 0x00007ff9b225d000 	C:\WINDOWS\System32\SHELL32.dll
0x00007ff9afd10000 - 0x00007ff9afe7b000 	C:\WINDOWS\System32\wintypes.dll
0x00007ff9ad460000 - 0x00007ff9adcbd000 	C:\WINDOWS\SYSTEM32\windows.storage.dll
0x00007ff9b2320000 - 0x00007ff9b2412000 	C:\WINDOWS\System32\SHCORE.dll
0x00007ff9b1210000 - 0x00007ff9b1272000 	C:\WINDOWS\System32\shlwapi.dll
0x00007ff9af6f0000 - 0x00007ff9af719000 	C:\WINDOWS\SYSTEM32\profapi.dll
0x00007ff934950000 - 0x00007ff934969000 	C:\Program Files\Java\jdk-17\bin\net.dll
0x00007ff9a9150000 - 0x00007ff9a926f000 	C:\WINDOWS\SYSTEM32\WINHTTP.dll
0x00007ff9aeb10000 - 0x00007ff9aeb7b000 	C:\WINDOWS\system32\mswsock.dll
0x00007ff933b40000 - 0x00007ff933b56000 	C:\Program Files\Java\jdk-17\bin\nio.dll
0x00007ff933b20000 - 0x00007ff933b38000 	C:\Program Files\Java\jdk-17\bin\zip.dll
0x00007ff9ac8a0000 - 0x00007ff9ac8b0000 	C:\Program Files\Java\jdk-17\bin\verify.dll
0x00007ff9a4960000 - 0x00007ff9a496a000 	C:\Program Files\Java\jdk-17\bin\management.dll
0x00007ff9a4950000 - 0x00007ff9a495b000 	C:\Program Files\Java\jdk-17\bin\management_ext.dll
0x00007ff9aaa60000 - 0x00007ff9aaa87000 	C:\Users\Arvin\.gradle\native\1def1411415f61bf3af743bc5b6707747c0891f09f0c88961ee8f79bc544acac\windows-amd64\native-platform.dll
0x00007ff9ac890000 - 0x00007ff9ac89a000 	C:\Users\Arvin\.gradle\native\jansi\1.18\windows64\jansi.dll
0x00007ff9adfc0000 - 0x00007ff9adff4000 	C:\WINDOWS\SYSTEM32\IPHLPAPI.DLL
0x00007ff9b09b0000 - 0x00007ff9b09ba000 	C:\WINDOWS\System32\NSI.dll
0x00007ff9a9300000 - 0x00007ff9a931e000 	C:\WINDOWS\SYSTEM32\dhcpcsvc6.DLL
0x00007ff9a8490000 - 0x00007ff9a84b3000 	C:\WINDOWS\SYSTEM32\dhcpcsvc.DLL
0x00007ff9ae050000 - 0x00007ff9ae176000 	C:\WINDOWS\SYSTEM32\DNSAPI.dll
0x00007ff9aedc0000 - 0x00007ff9aeddb000 	C:\WINDOWS\SYSTEM32\CRYPTSP.dll
0x00007ff9ae500000 - 0x00007ff9ae53b000 	C:\WINDOWS\system32\rsaenh.dll
0x00007ff9aebb0000 - 0x00007ff9aebdb000 	C:\WINDOWS\SYSTEM32\USERENV.dll
0x00007ff9af6c0000 - 0x00007ff9af6e6000 	C:\WINDOWS\SYSTEM32\bcrypt.dll
0x00007ff9aede0000 - 0x00007ff9aedec000 	C:\WINDOWS\SYSTEM32\CRYPTBASE.dll
0x00007ff9a4900000 - 0x00007ff9a490e000 	C:\Program Files\Java\jdk-17\bin\sunmscapi.dll
0x00007ff9b0290000 - 0x00007ff9b0407000 	C:\WINDOWS\System32\CRYPT32.dll
0x00007ff9aefe0000 - 0x00007ff9af010000 	C:\WINDOWS\SYSTEM32\ncrypt.dll
0x00007ff9aef90000 - 0x00007ff9aefcf000 	C:\WINDOWS\SYSTEM32\NTASN1.dll
0x00007ff9a4130000 - 0x00007ff9a4138000 	C:\WINDOWS\system32\wshunix.dll

dbghelp: loaded successfully - version: 4.0.5 - missing functions: none
symbol engine: initialized successfully - sym options: 0x614 - pdb path: .;C:\Program Files\Java\jdk-17\bin;C:\WINDOWS\SYSTEM32;C:\WINDOWS\WinSxS\amd64_microsoft.windows.common-controls_6595b64144ccf1df_6.0.26100.6899_none_3e0efeeae32e88c1;C:\Program Files\Java\jdk-17\bin\server;C:\Users\Arvin\.gradle\native\1def1411415f61bf3af743bc5b6707747c0891f09f0c88961ee8f79bc544acac\windows-amd64;C:\Users\Arvin\.gradle\native\jansi\1.18\windows64

VM Arguments:
jvm_args: -Xmx64m -Xms64m -Dorg.gradle.appname=gradlew 
java_command: org.gradle.wrapper.GradleWrapperMain assembleRelease
java_class_path (initial): C:\Users\Arvin\Desktop\NutriFitApp\android\\gradle\wrapper\gradle-wrapper.jar
Launcher Type: SUN_STANDARD

[Global flags]
     intx CICompilerCount                          = 4                                         {product} {ergonomic}
     uint ConcGCThreads                            = 3                                         {product} {ergonomic}
     uint G1ConcRefinementThreads                  = 10                                        {product} {ergonomic}
   size_t G1HeapRegionSize                         = 1048576                                   {product} {ergonomic}
    uintx GCDrainStackTargetSize                   = 64                                        {product} {ergonomic}
   size_t InitialHeapSize                          = 67108864                                  {product} {command line}
   size_t MarkStackSize                            = 4194304                                   {product} {ergonomic}
   size_t MaxHeapSize                              = 67108864                                  {product} {command line}
   size_t MaxNewSize                               = 39845888                                  {product} {ergonomic}
   size_t MinHeapDeltaBytes                        = 1048576                                   {product} {ergonomic}
   size_t MinHeapSize                              = 67108864                                  {product} {command line}
    uintx NonNMethodCodeHeapSize                   = 5839372                                {pd product} {ergonomic}
    uintx NonProfiledCodeHeapSize                  = 122909434                              {pd product} {ergonomic}
    uintx ProfiledCodeHeapSize                     = 122909434                              {pd product} {ergonomic}
    uintx ReservedCodeCacheSize                    = 251658240                              {pd product} {ergonomic}
     bool SegmentedCodeCache                       = true                                      {product} {ergonomic}
   size_t SoftMaxHeapSize                          = 67108864                               {manageable} {ergonomic}
     bool UseCompressedClassPointers               = true                           {product lp64_product} {ergonomic}
     bool UseCompressedOops                        = true                           {product lp64_product} {ergonomic}
     bool UseG1GC                                  = true                                      {product} {ergonomic}
     bool UseLargePagesIndividualAllocation        = false                                  {pd product} {ergonomic}

Logging:
Log output configuration:
 #0: stdout all=warning uptime,level,tags
 #1: stderr all=off uptime,level,tags

Environment Variables:
JAVA_HOME=C:\Program Files\Java\jdk-17
CLASSPATH=C:\Users\Arvin\Desktop\NutriFitApp\android\\gradle\wrapper\gradle-wrapper.jar
PATH=C:\Users\Arvin\AppData\Local\Android\Sdk\platform-tools;C:\Users\Arvin\AppData\Local\Android\Sdk\tools;C:\Users\Arvin\AppData\Local\Android\Sdk\tools\bin;C:\Users\Arvin\AppData\Local\Android\Sdk\emulator;C:\Program Files\Java\jdk-17\bin;C:\Program Files\Common Files\Oracle\Java\javapath;C:\WINDOWS\system32;C:\WINDOWS;C:\WINDOWS\System32\Wbem;C:\WINDOWS\System32\WindowsPowerShell\v1.0\;C:\WINDOWS\System32\OpenSSH\;C:\Program Files\Tailscale\;C:\Program Files\Git\cmd;C:\Users\Admin\AppData\Local\nvm;C:\nodejs;C:\Program Files\php-8.4.3-nts-Win32-vs17-x64;C:\composer;C:\apache-maven-3.9.10\bin;C:\Program Files\nodejs\;C:\Users\Arvin\AppData\Local\Android\Sdk\tools\bin;C:\Users\Arvin\AppData\Local\Android\Sdk\platform-tools;C:\Users\Arvin\AppData\Local\Android\Sdk\tools;C:\Program Files\Eclipse Adoptium\jdk-17.0.16.8-hotspot\bin;C:\Program Files\Common Files\Oracle\Java\javapath;C:\WINDOWS\system32;C:\WINDOWS;C:\WINDOWS\System32\Wbem;C:\WINDOWS\System32\WindowsPowerShell\v1.0\;C:\WINDOWS\System32\OpenSSH\;C:\Program Files\Tailscale\;C:\Program Files\Git\cmd;C:\Users\Admin\AppData\Local\nvm;C:\nodejs;C:\Program Files\php-8.4.3-nts-Win32-vs17-x64;C:\composer;C:\apache-maven-3.9.10\bin;C:\Program Files\nodejs\;C:\Users\Arvin\AppData\Local\Programs\Python\Python310\Scripts\;C:\Users\Arvin\AppData\Local\Programs\Python\Python310\;C:\Users\Arvin\AppData\Local\Microsoft\WindowsApps;C:\Users\Arvin\AppData\Local\Programs\Microsoft VS Code\bin;C:\Users\Arvin\AppData\Roaming\Composer\vendor\bin;C:\Program Files\MySQL\MySQL Server 8.4\bin;C:\Program Files\JetBrains\IntelliJ IDEA 2025.1.1.1\bin;C:\apache-maven-3.9.10\bin;C:\Users\Admin\AppData\Local\nvm;C:\nodejs;C:\Users\Arvin\AppData\Roaming\npm;
USERNAME=Arvin
OS=Windows_NT
PROCESSOR_IDENTIFIER=AMD64 Family 23 Model 96 Stepping 1, AuthenticAMD



---------------  S Y S T E M  ---------------

OS:
 Windows 11 , 64 bit Build 26100 (10.0.26100.6725)
OS uptime: 0 days 11:57 hours

CPU: total 12 (initial active 12) (12 cores per cpu, 2 threads per core) family 23 model 96 stepping 1 microcode 0x860010d, cx8, cmov, fxsr, ht, mmx, 3dnowpref, sse, sse2, sse3, ssse3, sse4a, sse4.1, sse4.2, popcnt, lzcnt, tsc, tscinvbit, avx, avx2, aes, clmul, bmi1, bmi2, adx, sha, fma, vzeroupper, clflush, clflushopt

Memory: 4k page, system-wide physical 7568M (1006M free)
TotalPageFile size 22725M (AvailPageFile size 1066M)
current process WorkingSet (physical memory assigned to process): 18M, peak: 118M
current process commit charge ("private bytes"): 171M, peak: 198M

vm_info: Java HotSpot(TM) 64-Bit Server VM (17.0.15+9-LTS-241) for windows-amd64 JRE (17.0.15+9-LTS-241), built on Feb 20 2025 10:49:54 by "mach5one" with MS VC++ 17.6 (VS2022)

END.
