#
# There is insufficient memory for the Java Runtime Environment to continue.
# Native memory allocation (malloc) failed to allocate 85616 bytes for Chunk::new
# Possible reasons:
#   The system is out of physical RAM or swap space
#   The process is running with CompressedOops enabled, and the Java Heap may be blocking the growth of the native heap
# Possible solutions:
#   Reduce memory load on the system
#   Increase physical memory or swap space
#   Check if swap backing store is full
#   Decrease Java heap size (-Xmx/-Xms)
#   Decrease number of Java threads
#   Decrease Java thread stack sizes (-Xss)
#   Set larger code cache with -XX:ReservedCodeCacheSize=
#   JVM is running with Unscaled Compressed Oops mode in which the Java heap is
#     placed in the first 4GB address space. The Java Heap base address is the
#     maximum limit for the native heap growth. Please use -XX:HeapBaseMinAddress
#     to set the Java Heap base and to place the Java Heap above 4GB virtual address.
# This output file may be truncated or incomplete.
#
#  Out of Memory Error (arena.cpp:189), pid=1968, tid=2128
#
# JRE version: Java(TM) SE Runtime Environment (17.0.15+9) (build 17.0.15+9-LTS-241)
# Java VM: Java HotSpot(TM) 64-Bit Server VM (17.0.15+9-LTS-241, mixed mode, sharing, tiered, compressed oops, compressed class ptrs, g1 gc, windows-amd64)
# No core dump will be written. Minidumps are not enabled by default on client versions of Windows
#

---------------  S U M M A R Y ------------

Command Line: -Xmx64m -Xms64m -Dorg.gradle.appname=gradlew org.gradle.wrapper.GradleWrapperMain assembleDebug

Host: AMD Ryzen 5 PRO 4655G with Radeon Graphics     , 12 cores, 7G,  Windows 11 , 64 bit Build 26100 (10.0.26100.5074)
Time: Sun Oct 12 06:25:10 2025 Taipei Standard Time elapsed time: 98.724220 seconds (0d 0h 1m 38s)

---------------  T H R E A D  ---------------

Current thread (0x000001a374ed9740):  JavaThread "C2 CompilerThread0" daemon [_thread_in_native, id=2128, stack(0x0000004a3fd00000,0x0000004a3fe00000)]


Current CompileTask:
C2:  98752 1969       4       java.util.HashMap$HashIterator::nextNode (100 bytes)

Stack: [0x0000004a3fd00000,0x0000004a3fe00000]
Native frames: (J=compiled Java code, j=interpreted, Vv=VM code, C=native code)
V  [jvm.dll+0x67a46a]
V  [jvm.dll+0x7da6ad]
V  [jvm.dll+0x7dbff3]
V  [jvm.dll+0x7dc663]
V  [jvm.dll+0x24523f]
V  [jvm.dll+0xab763]
V  [jvm.dll+0xabd2c]
V  [jvm.dll+0x361ebf]
V  [jvm.dll+0x32c5e1]
V  [jvm.dll+0x32ba7a]
V  [jvm.dll+0x2169ef]
V  [jvm.dll+0x215e1f]
V  [jvm.dll+0x1a2a00]
V  [jvm.dll+0x2262bb]
V  [jvm.dll+0x22445b]
V  [jvm.dll+0x790acc]
V  [jvm.dll+0x78b0ba]
V  [jvm.dll+0x679355]
C  [ucrtbase.dll+0x37b0]
C  [KERNEL32.DLL+0x2e8d7]
C  [ntdll.dll+0x8d9c]


---------------  P R O C E S S  ---------------

Threads class SMR info:
_java_thread_list=0x000001a379ef4e50, length=13, elements={
0x000001a35b27f660, 0x000001a374ec0230, 0x000001a374ec0cf0, 0x000001a374ed7110,
0x000001a374ed79d0, 0x000001a374ed8290, 0x000001a374ed8b50, 0x000001a374ed9740,
0x000001a374eda0f0, 0x000001a374edca00, 0x000001a3791b06b0, 0x000001a3791b2b90,
0x000001a37a566cc0
}

Java Threads: ( => current thread )
  0x000001a35b27f660 JavaThread "main" [_thread_in_native, id=18260, stack(0x0000004a3f000000,0x0000004a3f100000)]
  0x000001a374ec0230 JavaThread "Reference Handler" daemon [_thread_blocked, id=14340, stack(0x0000004a3f700000,0x0000004a3f800000)]
  0x000001a374ec0cf0 JavaThread "Finalizer" daemon [_thread_blocked, id=9404, stack(0x0000004a3f800000,0x0000004a3f900000)]
  0x000001a374ed7110 JavaThread "Signal Dispatcher" daemon [_thread_blocked, id=2868, stack(0x0000004a3f900000,0x0000004a3fa00000)]
  0x000001a374ed79d0 JavaThread "Attach Listener" daemon [_thread_blocked, id=10596, stack(0x0000004a3fa00000,0x0000004a3fb00000)]
  0x000001a374ed8290 JavaThread "Service Thread" daemon [_thread_blocked, id=20716, stack(0x0000004a3fb00000,0x0000004a3fc00000)]
  0x000001a374ed8b50 JavaThread "Monitor Deflation Thread" daemon [_thread_blocked, id=22084, stack(0x0000004a3fc00000,0x0000004a3fd00000)]
=>0x000001a374ed9740 JavaThread "C2 CompilerThread0" daemon [_thread_in_native, id=2128, stack(0x0000004a3fd00000,0x0000004a3fe00000)]
  0x000001a374eda0f0 JavaThread "C1 CompilerThread0" daemon [_thread_blocked, id=23132, stack(0x0000004a3fe00000,0x0000004a3ff00000)]
  0x000001a374edca00 JavaThread "Sweeper thread" daemon [_thread_blocked, id=3632, stack(0x0000004a3ff00000,0x0000004a40000000)]
  0x000001a3791b06b0 JavaThread "Notification Thread" daemon [_thread_blocked, id=1064, stack(0x0000004a40000000,0x0000004a40100000)]
  0x000001a3791b2b90 JavaThread "Common-Cleaner" daemon [_thread_blocked, id=21140, stack(0x0000004a40200000,0x0000004a40300000)]
  0x000001a37a566cc0 JavaThread "pool-1-thread-1" [_thread_blocked, id=23360, stack(0x0000004a40800000,0x0000004a40900000)]

Other Threads:
  0x000001a374eb7450 VMThread "VM Thread" [stack: 0x0000004a3f600000,0x0000004a3f700000] [id=17504]
  0x000001a35b2b41f0 WatcherThread [stack: 0x0000004a40100000,0x0000004a40200000] [id=20668]
  0x000001a35b2a1220 GCTaskThread "GC Thread#0" [stack: 0x0000004a3f100000,0x0000004a3f200000] [id=23184]
  0x000001a3799cd340 GCTaskThread "GC Thread#1" [stack: 0x0000004a40500000,0x0000004a40600000] [id=18848]
  0x000001a379769e50 GCTaskThread "GC Thread#2" [stack: 0x0000004a40600000,0x0000004a40700000] [id=18636]
  0x000001a3799f6360 GCTaskThread "GC Thread#3" [stack: 0x0000004a40700000,0x0000004a40800000] [id=6176]
  0x000001a37a22c890 GCTaskThread "GC Thread#4" [stack: 0x0000004a40300000,0x0000004a40400000] [id=12312]
  0x000001a379590200 GCTaskThread "GC Thread#5" [stack: 0x0000004a40400000,0x0000004a40500000] [id=10800]
  0x000001a3793ae420 GCTaskThread "GC Thread#6" [stack: 0x0000004a40900000,0x0000004a40a00000] [id=20728]
  0x000001a35b2a2880 ConcurrentGCThread "G1 Main Marker" [stack: 0x0000004a3f200000,0x0000004a3f300000] [id=4852]
  0x000001a35b2a3e70 ConcurrentGCThread "G1 Conc#0" [stack: 0x0000004a3f300000,0x0000004a3f400000] [id=17440]
  0x000001a35b33fc80 ConcurrentGCThread "G1 Refine#0" [stack: 0x0000004a3f400000,0x0000004a3f500000] [id=9000]
  0x000001a35b341470 ConcurrentGCThread "G1 Service" [stack: 0x0000004a3f500000,0x0000004a3f600000] [id=9848]

Threads with active compile tasks:
C2 CompilerThread0   103136 1969       4       java.util.HashMap$HashIterator::nextNode (100 bytes)

VM state: not at safepoint (normal execution)

VM Mutex/Monitor currently owned by a thread: None

Heap address: 0x00000000fc000000, size: 64 MB, Compressed Oops mode: 32-bit

CDS archive(s) mapped at: [0x000001a300000000-0x000001a300bd0000-0x000001a300bd0000), size 12386304, SharedBaseAddress: 0x000001a300000000, ArchiveRelocationMode: 1.
Compressed class space mapped at: 0x000001a301000000-0x000001a341000000, reserved size: 1073741824
Narrow klass base: 0x000001a300000000, Narrow klass shift: 0, Narrow klass range: 0x100000000

GC Precious Log:
 CPUs: 12 total, 12 available
 Memory: 7568M
 Large Page Support: Disabled
 NUMA Support: Disabled
 Compressed Oops: Enabled (32-bit)
 Heap Region Size: 1M
 Heap Min Capacity: 64M
 Heap Initial Capacity: 64M
 Heap Max Capacity: 64M
 Pre-touch: Disabled
 Parallel Workers: 10
 Concurrent Workers: 3
 Concurrent Refinement Workers: 10
 Periodic GC: Disabled

Heap:
 garbage-first heap   total 65536K, used 18413K [0x00000000fc000000, 0x0000000100000000)
  region size 1024K, 13 young (13312K), 5 survivors (5120K)
 Metaspace       used 9591K, committed 9856K, reserved 1114112K
  class space    used 1258K, committed 1344K, reserved 1048576K

Heap Regions: E=young(eden), S=young(survivor), O=old, HS=humongous(starts), HC=humongous(continues), CS=collection set, F=free, OA=open archive, CA=closed archive, TAMS=top-at-mark-start (previous, next)
|   0|0x00000000fc000000, 0x00000000fc100000, 0x00000000fc100000|100%|HS|  |TAMS 0x00000000fc000000, 0x00000000fc000000| Complete 
|   1|0x00000000fc100000, 0x00000000fc200000, 0x00000000fc200000|100%|HC|  |TAMS 0x00000000fc100000, 0x00000000fc100000| Complete 
|   2|0x00000000fc200000, 0x00000000fc300000, 0x00000000fc300000|100%|HC|  |TAMS 0x00000000fc200000, 0x00000000fc200000| Complete 
|   3|0x00000000fc300000, 0x00000000fc400000, 0x00000000fc400000|100%| O|  |TAMS 0x00000000fc300000, 0x00000000fc300000| Untracked 
|   4|0x00000000fc400000, 0x00000000fc500000, 0x00000000fc500000|100%| O|  |TAMS 0x00000000fc400000, 0x00000000fc400000| Untracked 
|   5|0x00000000fc500000, 0x00000000fc5fb600, 0x00000000fc600000| 98%| O|  |TAMS 0x00000000fc500000, 0x00000000fc500000| Untracked 
|   6|0x00000000fc600000, 0x00000000fc600000, 0x00000000fc700000|  0%| F|  |TAMS 0x00000000fc600000, 0x00000000fc600000| Untracked 
|   7|0x00000000fc700000, 0x00000000fc700000, 0x00000000fc800000|  0%| F|  |TAMS 0x00000000fc700000, 0x00000000fc700000| Untracked 
|   8|0x00000000fc800000, 0x00000000fc800000, 0x00000000fc900000|  0%| F|  |TAMS 0x00000000fc800000, 0x00000000fc800000| Untracked 
|   9|0x00000000fc900000, 0x00000000fc900000, 0x00000000fca00000|  0%| F|  |TAMS 0x00000000fc900000, 0x00000000fc900000| Untracked 
|  10|0x00000000fca00000, 0x00000000fca00000, 0x00000000fcb00000|  0%| F|  |TAMS 0x00000000fca00000, 0x00000000fca00000| Untracked 
|  11|0x00000000fcb00000, 0x00000000fcb00000, 0x00000000fcc00000|  0%| F|  |TAMS 0x00000000fcb00000, 0x00000000fcb00000| Untracked 
|  12|0x00000000fcc00000, 0x00000000fcc00000, 0x00000000fcd00000|  0%| F|  |TAMS 0x00000000fcc00000, 0x00000000fcc00000| Untracked 
|  13|0x00000000fcd00000, 0x00000000fcd00000, 0x00000000fce00000|  0%| F|  |TAMS 0x00000000fcd00000, 0x00000000fcd00000| Untracked 
|  14|0x00000000fce00000, 0x00000000fce00000, 0x00000000fcf00000|  0%| F|  |TAMS 0x00000000fce00000, 0x00000000fce00000| Untracked 
|  15|0x00000000fcf00000, 0x00000000fcf00000, 0x00000000fd000000|  0%| F|  |TAMS 0x00000000fcf00000, 0x00000000fcf00000| Untracked 
|  16|0x00000000fd000000, 0x00000000fd000000, 0x00000000fd100000|  0%| F|  |TAMS 0x00000000fd000000, 0x00000000fd000000| Untracked 
|  17|0x00000000fd100000, 0x00000000fd100000, 0x00000000fd200000|  0%| F|  |TAMS 0x00000000fd100000, 0x00000000fd100000| Untracked 
|  18|0x00000000fd200000, 0x00000000fd200000, 0x00000000fd300000|  0%| F|  |TAMS 0x00000000fd200000, 0x00000000fd200000| Untracked 
|  19|0x00000000fd300000, 0x00000000fd300000, 0x00000000fd400000|  0%| F|  |TAMS 0x00000000fd300000, 0x00000000fd300000| Untracked 
|  20|0x00000000fd400000, 0x00000000fd400000, 0x00000000fd500000|  0%| F|  |TAMS 0x00000000fd400000, 0x00000000fd400000| Untracked 
|  21|0x00000000fd500000, 0x00000000fd500000, 0x00000000fd600000|  0%| F|  |TAMS 0x00000000fd500000, 0x00000000fd500000| Untracked 
|  22|0x00000000fd600000, 0x00000000fd600000, 0x00000000fd700000|  0%| F|  |TAMS 0x00000000fd600000, 0x00000000fd600000| Untracked 
|  23|0x00000000fd700000, 0x00000000fd700000, 0x00000000fd800000|  0%| F|  |TAMS 0x00000000fd700000, 0x00000000fd700000| Untracked 
|  24|0x00000000fd800000, 0x00000000fd800000, 0x00000000fd900000|  0%| F|  |TAMS 0x00000000fd800000, 0x00000000fd800000| Untracked 
|  25|0x00000000fd900000, 0x00000000fd900000, 0x00000000fda00000|  0%| F|  |TAMS 0x00000000fd900000, 0x00000000fd900000| Untracked 
|  26|0x00000000fda00000, 0x00000000fdb00000, 0x00000000fdb00000|100%| S|CS|TAMS 0x00000000fda00000, 0x00000000fda00000| Complete 
|  27|0x00000000fdb00000, 0x00000000fdc00000, 0x00000000fdc00000|100%| S|CS|TAMS 0x00000000fdb00000, 0x00000000fdb00000| Complete 
|  28|0x00000000fdc00000, 0x00000000fdd00000, 0x00000000fdd00000|100%| S|CS|TAMS 0x00000000fdc00000, 0x00000000fdc00000| Complete 
|  29|0x00000000fdd00000, 0x00000000fde00000, 0x00000000fde00000|100%| S|CS|TAMS 0x00000000fdd00000, 0x00000000fdd00000| Complete 
|  30|0x00000000fde00000, 0x00000000fdf00000, 0x00000000fdf00000|100%| S|CS|TAMS 0x00000000fde00000, 0x00000000fde00000| Complete 
|  31|0x00000000fdf00000, 0x00000000fdf00000, 0x00000000fe000000|  0%| F|  |TAMS 0x00000000fdf00000, 0x00000000fdf00000| Untracked 
|  32|0x00000000fe000000, 0x00000000fe000000, 0x00000000fe100000|  0%| F|  |TAMS 0x00000000fe000000, 0x00000000fe000000| Untracked 
|  33|0x00000000fe100000, 0x00000000fe100000, 0x00000000fe200000|  0%| F|  |TAMS 0x00000000fe100000, 0x00000000fe100000| Untracked 
|  34|0x00000000fe200000, 0x00000000fe200000, 0x00000000fe300000|  0%| F|  |TAMS 0x00000000fe200000, 0x00000000fe200000| Untracked 
|  35|0x00000000fe300000, 0x00000000fe300000, 0x00000000fe400000|  0%| F|  |TAMS 0x00000000fe300000, 0x00000000fe300000| Untracked 
|  36|0x00000000fe400000, 0x00000000fe400000, 0x00000000fe500000|  0%| F|  |TAMS 0x00000000fe400000, 0x00000000fe400000| Untracked 
|  37|0x00000000fe500000, 0x00000000fe500000, 0x00000000fe600000|  0%| F|  |TAMS 0x00000000fe500000, 0x00000000fe500000| Untracked 
|  38|0x00000000fe600000, 0x00000000fe600000, 0x00000000fe700000|  0%| F|  |TAMS 0x00000000fe600000, 0x00000000fe600000| Untracked 
|  39|0x00000000fe700000, 0x00000000fe700000, 0x00000000fe800000|  0%| F|  |TAMS 0x00000000fe700000, 0x00000000fe700000| Untracked 
|  40|0x00000000fe800000, 0x00000000fe800000, 0x00000000fe900000|  0%| F|  |TAMS 0x00000000fe800000, 0x00000000fe800000| Untracked 
|  41|0x00000000fe900000, 0x00000000fe900000, 0x00000000fea00000|  0%| F|  |TAMS 0x00000000fe900000, 0x00000000fe900000| Untracked 
|  42|0x00000000fea00000, 0x00000000fea00000, 0x00000000feb00000|  0%| F|  |TAMS 0x00000000fea00000, 0x00000000fea00000| Untracked 
|  43|0x00000000feb00000, 0x00000000feb00000, 0x00000000fec00000|  0%| F|  |TAMS 0x00000000feb00000, 0x00000000feb00000| Untracked 
|  44|0x00000000fec00000, 0x00000000fec00000, 0x00000000fed00000|  0%| F|  |TAMS 0x00000000fec00000, 0x00000000fec00000| Untracked 
|  45|0x00000000fed00000, 0x00000000fed00000, 0x00000000fee00000|  0%| F|  |TAMS 0x00000000fed00000, 0x00000000fed00000| Untracked 
|  46|0x00000000fee00000, 0x00000000fee00000, 0x00000000fef00000|  0%| F|  |TAMS 0x00000000fee00000, 0x00000000fee00000| Untracked 
|  47|0x00000000fef00000, 0x00000000fef00000, 0x00000000ff000000|  0%| F|  |TAMS 0x00000000fef00000, 0x00000000fef00000| Untracked 
|  48|0x00000000ff000000, 0x00000000ff000000, 0x00000000ff100000|  0%| F|  |TAMS 0x00000000ff000000, 0x00000000ff000000| Untracked 
|  49|0x00000000ff100000, 0x00000000ff100000, 0x00000000ff200000|  0%| F|  |TAMS 0x00000000ff100000, 0x00000000ff100000| Untracked 
|  50|0x00000000ff200000, 0x00000000ff200000, 0x00000000ff300000|  0%| F|  |TAMS 0x00000000ff200000, 0x00000000ff200000| Untracked 
|  51|0x00000000ff300000, 0x00000000ff300000, 0x00000000ff400000|  0%| F|  |TAMS 0x00000000ff300000, 0x00000000ff300000| Untracked 
|  52|0x00000000ff400000, 0x00000000ff400000, 0x00000000ff500000|  0%| F|  |TAMS 0x00000000ff400000, 0x00000000ff400000| Untracked 
|  53|0x00000000ff500000, 0x00000000ff500000, 0x00000000ff600000|  0%| F|  |TAMS 0x00000000ff500000, 0x00000000ff500000| Untracked 
|  54|0x00000000ff600000, 0x00000000ff600000, 0x00000000ff700000|  0%| F|  |TAMS 0x00000000ff600000, 0x00000000ff600000| Untracked 
|  55|0x00000000ff700000, 0x00000000ff700000, 0x00000000ff800000|  0%| F|  |TAMS 0x00000000ff700000, 0x00000000ff700000| Untracked 
|  56|0x00000000ff800000, 0x00000000ff8d8340, 0x00000000ff900000| 84%| E|  |TAMS 0x00000000ff800000, 0x00000000ff800000| Complete 
|  57|0x00000000ff900000, 0x00000000ffa00000, 0x00000000ffa00000|100%| E|CS|TAMS 0x00000000ff900000, 0x00000000ff900000| Complete 
|  58|0x00000000ffa00000, 0x00000000ffb00000, 0x00000000ffb00000|100%| E|CS|TAMS 0x00000000ffa00000, 0x00000000ffa00000| Complete 
|  59|0x00000000ffb00000, 0x00000000ffc00000, 0x00000000ffc00000|100%| E|CS|TAMS 0x00000000ffb00000, 0x00000000ffb00000| Complete 
|  60|0x00000000ffc00000, 0x00000000ffd00000, 0x00000000ffd00000|100%| E|CS|TAMS 0x00000000ffc00000, 0x00000000ffc00000| Complete 
|  61|0x00000000ffd00000, 0x00000000ffe00000, 0x00000000ffe00000|100%| E|CS|TAMS 0x00000000ffd00000, 0x00000000ffd00000| Complete 
|  62|0x00000000ffe00000, 0x00000000fff00000, 0x00000000fff00000|100%| E|CS|TAMS 0x00000000ffe00000, 0x00000000ffe00000| Complete 
|  63|0x00000000fff00000, 0x0000000100000000, 0x0000000100000000|100%| E|CS|TAMS 0x00000000fff00000, 0x00000000fff00000| Complete 

Card table byte_map: [0x000001a359280000,0x000001a3592a0000] _byte_map_base: 0x000001a358aa0000

Marking Bits (Prev, Next): (CMBitMap*) 0x000001a35b2a1750, (CMBitMap*) 0x000001a35b2a1790
 Prev Bits: [0x000001a3720d0000, 0x000001a3721d0000)
 Next Bits: [0x000001a3721d0000, 0x000001a3722d0000)

Polling page: 0x000001a359220000

Metaspace:

Usage:
  Non-class:      8.14 MB used.
      Class:      1.23 MB used.
       Both:      9.37 MB used.

Virtual space:
  Non-class space:       64.00 MB reserved,       8.31 MB ( 13%) committed,  1 nodes.
      Class space:        1.00 GB reserved,       1.31 MB ( <1%) committed,  1 nodes.
             Both:        1.06 GB reserved,       9.62 MB ( <1%) committed. 

Chunk freelists:
   Non-Class:  7.67 MB
       Class:  14.51 MB
        Both:  22.18 MB

MaxMetaspaceSize: unlimited
CompressedClassSpaceSize: 1.00 GB
Initial GC threshold: 21.00 MB
Current GC threshold: 21.00 MB
CDS: on
MetaspaceReclaimPolicy: balanced
 - commit_granule_bytes: 65536.
 - commit_granule_words: 8192.
 - virtual_space_node_default_size: 8388608.
 - enlarge_chunks_in_place: 1.
 - new_chunks_are_fully_committed: 0.
 - uncommit_free_chunks: 1.
 - use_allocation_guard: 0.
 - handle_deallocations: 1.


Internal statistics:

num_allocs_failed_limit: 0.
num_arena_births: 80.
num_arena_deaths: 0.
num_vsnodes_births: 2.
num_vsnodes_deaths: 0.
num_space_committed: 154.
num_space_uncommitted: 0.
num_chunks_returned_to_freelist: 0.
num_chunks_taken_from_freelist: 343.
num_chunk_merges: 0.
num_chunk_splits: 228.
num_chunks_enlarged: 184.
num_inconsistent_stats: 0.

CodeHeap 'non-profiled nmethods': size=120000Kb used=931Kb max_used=931Kb free=119068Kb
 bounds [0x000001a36a640000, 0x000001a36a8b0000, 0x000001a371b70000]
CodeHeap 'profiled nmethods': size=120000Kb used=3656Kb max_used=3656Kb free=116343Kb
 bounds [0x000001a362b70000, 0x000001a362f10000, 0x000001a36a0a0000]
CodeHeap 'non-nmethods': size=5760Kb used=1178Kb max_used=1205Kb free=4581Kb
 bounds [0x000001a36a0a0000, 0x000001a36a310000, 0x000001a36a640000]
 total_blobs=2435 nmethods=1966 adapters=381
 compilation: enabled
              stopped_count=0, restarted_count=0
 full_count=0

Compilation events (20 events):
Event: 69.536 Thread 0x000001a374eda0f0 nmethod 1957 0x000001a362eff110 code [0x000001a362eff2e0, 0x000001a362eff578]
Event: 69.583 Thread 0x000001a374eda0f0 1958       1       org.gradle.internal.logging.console.DefaultAnsiExecutor::access$300 (5 bytes)
Event: 69.583 Thread 0x000001a374eda0f0 nmethod 1958 0x000001a36a726810 code [0x000001a36a7269a0, 0x000001a36a726a58]
Event: 70.299 Thread 0x000001a374ed9740 1959       4       java.util.ArrayDeque$DeqIterator::hasNext (13 bytes)
Event: 70.299 Thread 0x000001a374ed9740 nmethod 1959 0x000001a36a726b10 code [0x000001a36a726c80, 0x000001a36a726d18]
Event: 70.789 Thread 0x000001a374ed9740 1960       4       java.util.AbstractList::equals (117 bytes)
Event: 70.818 Thread 0x000001a374ed9740 nmethod 1960 0x000001a36a726e10 code [0x000001a36a727060, 0x000001a36a727928]
Event: 76.181 Thread 0x000001a374ed9740 1961       4       java.util.concurrent.atomic.AtomicLong::compareAndSet (13 bytes)
Event: 76.338 Thread 0x000001a374ed9740 nmethod 1961 0x000001a36a728290 code [0x000001a36a728400, 0x000001a36a728498]
Event: 79.175 Thread 0x000001a374ed9740 1962       4       java.util.ArrayDeque$DeqIterator::next (62 bytes)
Event: 79.227 Thread 0x000001a374ed9740 nmethod 1962 0x000001a36a728590 code [0x000001a36a728720, 0x000001a36a728838]
Event: 80.376 Thread 0x000001a374eda0f0 1963       3       com.google.common.collect.Lists$ReverseList$1::next (30 bytes)
Event: 80.605 Thread 0x000001a374eda0f0 nmethod 1963 0x000001a362eff690 code [0x000001a362eff860, 0x000001a362effc88]
Event: 81.387 Thread 0x000001a374ed9740 1965       4       java.lang.AbstractStringBuilder::putStringAt (12 bytes)
Event: 81.387 Thread 0x000001a374eda0f0 1967   !   3       java.nio.charset.CharsetEncoder::encode (273 bytes)
Event: 81.497 Thread 0x000001a374eda0f0 nmethod 1967 0x000001a362effe10 code [0x000001a362f00140, 0x000001a362f01658]
Event: 81.979 Thread 0x000001a374ed9740 nmethod 1965 0x000001a36a728990 code [0x000001a36a728b20, 0x000001a36a728d08]
Event: 90.375 Thread 0x000001a374eda0f0 1968       3       org.gradle.internal.logging.console.ProgressBar::fill (34 bytes)
Event: 90.629 Thread 0x000001a374eda0f0 nmethod 1968 0x000001a362f01d90 code [0x000001a362f01f40, 0x000001a362f02248]
Event: 92.699 Thread 0x000001a374ed9740 1969       4       java.util.HashMap$HashIterator::nextNode (100 bytes)

GC Heap History (4 events):
Event: 0.404 GC heap before
{Heap before GC invocations=0 (full 0):
 garbage-first heap   total 65536K, used 22528K [0x00000000fc000000, 0x0000000100000000)
  region size 1024K, 23 young (23552K), 0 survivors (0K)
 Metaspace       used 1804K, committed 1920K, reserved 1114112K
  class space    used 159K, committed 192K, reserved 1048576K
}
Event: 0.408 GC heap after
{Heap after GC invocations=1 (full 0):
 garbage-first heap   total 65536K, used 2528K [0x00000000fc000000, 0x0000000100000000)
  region size 1024K, 3 young (3072K), 3 survivors (3072K)
 Metaspace       used 1804K, committed 1920K, reserved 1114112K
  class space    used 159K, committed 192K, reserved 1048576K
}
Event: 1.205 GC heap before
{Heap before GC invocations=1 (full 0):
 garbage-first heap   total 65536K, used 36320K [0x00000000fc000000, 0x0000000100000000)
  region size 1024K, 33 young (33792K), 3 survivors (3072K)
 Metaspace       used 7903K, committed 8128K, reserved 1114112K
  class space    used 1082K, committed 1216K, reserved 1048576K
}
Event: 1.209 GC heap after
{Heap after GC invocations=2 (full 0):
 garbage-first heap   total 65536K, used 11245K [0x00000000fc000000, 0x0000000100000000)
  region size 1024K, 5 young (5120K), 5 survivors (5120K)
 Metaspace       used 7903K, committed 8128K, reserved 1114112K
  class space    used 1082K, committed 1216K, reserved 1048576K
}

Deoptimization events (20 events):
Event: 11.118 Thread 0x000001a35b27f660 Uncommon trap: trap_request=0xffffffc6 fr.pc=0x000001a36a6cfcb8 relative=0x0000000000000558
Event: 11.118 Thread 0x000001a35b27f660 Uncommon trap: reason=bimorphic_or_optimized_type_check action=maybe_recompile pc=0x000001a36a6cfcb8 method=java.util.concurrent.ConcurrentHashMap.get(Ljava/lang/Object;)Ljava/lang/Object; @ 149 c2
Event: 11.118 Thread 0x000001a35b27f660 DEOPT PACKING pc=0x000001a36a6cfcb8 sp=0x0000004a3f0fd580
Event: 11.118 Thread 0x000001a35b27f660 DEOPT UNPACKING pc=0x000001a36a0f23a3 sp=0x0000004a3f0fd520 mode 2
Event: 12.428 Thread 0x000001a35b27f660 DEOPT PACKING pc=0x000001a362e4e7fe sp=0x0000004a3f0fcec0
Event: 12.428 Thread 0x000001a35b27f660 DEOPT UNPACKING pc=0x000001a36a0f2b43 sp=0x0000004a3f0fc330 mode 0
Event: 13.188 Thread 0x000001a35b27f660 DEOPT PACKING pc=0x000001a362e4e7fe sp=0x0000004a3f0fcec0
Event: 13.188 Thread 0x000001a35b27f660 DEOPT UNPACKING pc=0x000001a36a0f2b43 sp=0x0000004a3f0fc330 mode 0
Event: 13.772 Thread 0x000001a35b27f660 DEOPT PACKING pc=0x000001a362e4e7fe sp=0x0000004a3f0fcec0
Event: 13.772 Thread 0x000001a35b27f660 DEOPT UNPACKING pc=0x000001a36a0f2b43 sp=0x0000004a3f0fc330 mode 0
Event: 13.879 Thread 0x000001a37a566cc0 Uncommon trap: trap_request=0xffffff45 fr.pc=0x000001a36a67a1c0 relative=0x0000000000000a00
Event: 13.879 Thread 0x000001a37a566cc0 Uncommon trap: reason=unstable_if action=reinterpret pc=0x000001a36a67a1c0 method=java.util.HashMap.putVal(ILjava/lang/Object;Ljava/lang/Object;ZZ)Ljava/lang/Object; @ 162 c2
Event: 13.879 Thread 0x000001a37a566cc0 DEOPT PACKING pc=0x000001a36a67a1c0 sp=0x0000004a408feff0
Event: 13.879 Thread 0x000001a37a566cc0 DEOPT UNPACKING pc=0x000001a36a0f23a3 sp=0x0000004a408feec8 mode 2
Event: 13.879 Thread 0x000001a37a566cc0 Uncommon trap: trap_request=0xffffff45 fr.pc=0x000001a36a6d7f94 relative=0x00000000000004d4
Event: 13.879 Thread 0x000001a37a566cc0 Uncommon trap: reason=unstable_if action=reinterpret pc=0x000001a36a6d7f94 method=java.util.HashMap.getNode(Ljava/lang/Object;)Ljava/util/HashMap$Node; @ 85 c2
Event: 13.879 Thread 0x000001a37a566cc0 DEOPT PACKING pc=0x000001a36a6d7f94 sp=0x0000004a408ff170
Event: 13.879 Thread 0x000001a37a566cc0 DEOPT UNPACKING pc=0x000001a36a0f23a3 sp=0x0000004a408ff0f0 mode 2
Event: 14.135 Thread 0x000001a35b27f660 DEOPT PACKING pc=0x000001a362e4e7fe sp=0x0000004a3f0fcec0
Event: 14.135 Thread 0x000001a35b27f660 DEOPT UNPACKING pc=0x000001a36a0f2b43 sp=0x0000004a3f0fc330 mode 0

Classes unloaded (0 events):
No events

Classes redefined (0 events):
No events

Internal exceptions (20 events):
Event: 0.134 Thread 0x000001a35b27f660 Exception <a 'java/lang/NoSuchMethodError'{0x00000000ffdf5d88}: 'int java.lang.invoke.DirectMethodHandle$Holder.invokeStaticInit(java.lang.Object, java.lang.Object)'> (0x00000000ffdf5d88) 
thrown [s\open\src\hotspot\share\interpreter\linkResolver.cpp, line 759]
Event: 0.683 Thread 0x000001a35b27f660 Exception <a 'java/lang/NoSuchMethodError'{0x00000000ff223058}: 'java.lang.Object java.lang.invoke.DirectMethodHandle$Holder.invokeStaticInit(java.lang.Object)'> (0x00000000ff223058) 
thrown [s\open\src\hotspot\share\interpreter\linkResolver.cpp, line 759]
Event: 0.691 Thread 0x000001a35b27f660 Exception <a 'java/lang/NoSuchMethodError'{0x00000000ff23dd20}: 'int java.lang.invoke.DirectMethodHandle$Holder.invokeSpecial(java.lang.Object, java.lang.Object, java.lang.Object)'> (0x00000000ff23dd20) 
thrown [s\open\src\hotspot\share\interpreter\linkResolver.cpp, line 759]
Event: 0.696 Thread 0x000001a35b27f660 Exception <a 'java/lang/NoSuchMethodError'{0x00000000ff279e70}: 'void java.lang.invoke.DirectMethodHandle$Holder.invokeStatic(java.lang.Object, java.lang.Object)'> (0x00000000ff279e70) 
thrown [s\open\src\hotspot\share\interpreter\linkResolver.cpp, line 759]
Event: 0.697 Thread 0x000001a35b27f660 Implicit null exception at 0x000001a36a6a5e0f to 0x000001a36a6a6340
Event: 0.697 Thread 0x000001a35b27f660 Implicit null exception at 0x000001a36a68948f to 0x000001a36a6899bc
Event: 0.711 Thread 0x000001a35b27f660 Exception <a 'java/lang/NoClassDefFoundError'{0x00000000ff2f9a38}: org/slf4j/impl/StaticMarkerBinder> (0x00000000ff2f9a38) 
thrown [s\open\src\hotspot\share\classfile\systemDictionary.cpp, line 245]
Event: 0.735 Thread 0x000001a35b27f660 Exception <a 'java/lang/NoSuchMethodError'{0x00000000ff024c28}: 'java.lang.Object java.lang.invoke.Invokers$Holder.invoker(java.lang.Object, java.lang.Object, java.lang.Object)'> (0x00000000ff024c28) 
thrown [s\open\src\hotspot\share\interpreter\linkResolver.cpp, line 759]
Event: 0.736 Thread 0x000001a35b27f660 Exception <a 'java/lang/NoSuchMethodError'{0x00000000ff02dd80}: 'java.lang.Object java.lang.invoke.DirectMethodHandle$Holder.invokeStatic(java.lang.Object, java.lang.Object, int)'> (0x00000000ff02dd80) 
thrown [s\open\src\hotspot\share\interpreter\linkResolver.cpp, line 759]
Event: 0.737 Thread 0x000001a35b27f660 Exception <a 'java/lang/NoSuchMethodError'{0x00000000ff039a70}: 'void java.lang.invoke.DelegatingMethodHandle$Holder.delegate(java.lang.Object, java.lang.Object, int, java.lang.Object)'> (0x00000000ff039a70) 
thrown [s\open\src\hotspot\share\interpreter\linkResolver.cpp, line 759]
Event: 0.739 Thread 0x000001a35b27f660 Exception <a 'java/lang/NoSuchMethodError'{0x00000000ff04d0b8}: 'java.lang.Object java.lang.invoke.Invokers$Holder.invokeExact_MT(java.lang.Object, java.lang.Object, java.lang.Object, java.lang.Object)'> (0x00000000ff04d0b8) 
thrown [s\open\src\hotspot\share\interpreter\linkResolver.cpp, line 759]
Event: 0.745 Thread 0x000001a35b27f660 Exception <a 'java/lang/NoSuchMethodError'{0x00000000ff077f70}: 'java.lang.Object java.lang.invoke.DirectMethodHandle$Holder.invokeVirtual(java.lang.Object, java.lang.Object, java.lang.Object)'> (0x00000000ff077f70) 
thrown [s\open\src\hotspot\share\interpreter\linkResolver.cpp, line 759]
Event: 0.812 Thread 0x000001a35b27f660 Exception <a 'java/lang/NoSuchMethodError'{0x00000000fec9a5a8}: 'java.lang.Object java.lang.invoke.DirectMethodHandle$Holder.newInvokeSpecial(java.lang.Object, java.lang.Object, java.lang.Object, java.lang.Object, java.lang.Object)'> (0x00000000fec9a5a8) 
thrown [s\open\src\hotspot\share\interpreter\linkResolver.cpp, line 759]
Event: 0.830 Thread 0x000001a35b27f660 Exception <a 'java/lang/NoSuchMethodError'{0x00000000febbe688}: 'void java.lang.invoke.DirectMethodHandle$Holder.invokeSpecial(java.lang.Object, java.lang.Object, java.lang.Object)'> (0x00000000febbe688) 
thrown [s\open\src\hotspot\share\interpreter\linkResolver.cpp, line 759]
Event: 0.929 Thread 0x000001a35b27f660 Exception <a 'java/lang/NoSuchMethodError'{0x00000000fe9d2fe0}: 'void java.lang.invoke.DirectMethodHandle$Holder.invokeStatic(java.lang.Object, java.lang.Object, java.lang.Object)'> (0x00000000fe9d2fe0) 
thrown [s\open\src\hotspot\share\interpreter\linkResolver.cpp, line 759]
Event: 0.971 Thread 0x000001a35b27f660 Exception <a 'java/lang/NoSuchMethodError'{0x00000000fe3fe528}: 'java.lang.Object java.lang.invoke.DirectMethodHandle$Holder.newInvokeSpecial(java.lang.Object, java.lang.Object, java.lang.Object, java.lang.Object, java.lang.Object, java.lang.Object, java.lang.Object, java.lang.Object, java.lang.Object, java.lang.Object, java.lang.Object, java.lang.Object, java.lang.Object, java.lang.Object, java.lang.Object, java.lang.Object, java.lang.Object, java.lang.Object, java.lang.Object, java.lang.Object, java.lang
Event: 0.971 Thread 0x000001a35b27f660 Exception <a 'java/lang/NoSuchMethodError'{0x00000000fe20b1d0}: 'java.lang.Object java.lang.invoke.Invokers$Holder.linkToTargetMethod(java.lang.Object, java.lang.Object, java.lang.Object, java.lang.Object, java.lang.Object, java.lang.Object, java.lang.Object, java.lang.Object, java.lang.Object, java.lang.Object, java.lang.Object, java.lang.Object, java.lang.Object, java.lang.Object, java.lang.Object, java.lang.Object, java.lang.Object, java.lang.Object, java.lang.Object, java.lang.Object, java.lang.Object,
Event: 0.999 Thread 0x000001a35b27f660 Exception <a 'java/lang/NoSuchMethodError'{0x00000000fe0647f8}: 'java.lang.Object java.lang.invoke.DirectMethodHandle$Holder.invokeStaticInit(java.lang.Object, int, int, int, int)'> (0x00000000fe0647f8) 
thrown [s\open\src\hotspot\share\interpreter\linkResolver.cpp, line 759]
Event: 1.190 Thread 0x000001a35b27f660 Exception <a 'java/lang/NoSuchMethodError'{0x00000000fdf36218}: 'java.lang.Object java.lang.invoke.DirectMethodHandle$Holder.invokeStaticInit(java.lang.Object, java.lang.Object, int, int, int, int)'> (0x00000000fdf36218) 
thrown [s\open\src\hotspot\share\interpreter\linkResolver.cpp, line 759]
Event: 1.211 Thread 0x000001a35b27f660 Implicit null exception at 0x000001a36a687b72 to 0x000001a36a688140

VM Operations (20 events):
Event: 46.641 Executing VM operation: Cleanup
Event: 46.641 Executing VM operation: Cleanup done
Event: 52.709 Executing VM operation: Cleanup
Event: 52.709 Executing VM operation: Cleanup done
Event: 58.766 Executing VM operation: Cleanup
Event: 58.766 Executing VM operation: Cleanup done
Event: 60.062 Executing VM operation: HandshakeAllThreads
Event: 60.062 Executing VM operation: HandshakeAllThreads done
Event: 65.113 Executing VM operation: Cleanup
Event: 65.113 Executing VM operation: Cleanup done
Event: 66.124 Executing VM operation: Cleanup
Event: 66.124 Executing VM operation: Cleanup done
Event: 70.162 Executing VM operation: Cleanup
Event: 70.162 Executing VM operation: Cleanup done
Event: 71.163 Executing VM operation: Cleanup
Event: 71.163 Executing VM operation: Cleanup done
Event: 80.267 Executing VM operation: Cleanup
Event: 80.267 Executing VM operation: Cleanup done
Event: 82.287 Executing VM operation: Cleanup
Event: 82.396 Executing VM operation: Cleanup done

Events (20 events):
Event: 6.648 loading class sun/util/logging/internal/LoggingProviderImpl$JULWrapper
Event: 6.648 loading class sun/util/logging/PlatformLogger$ConfigurableBridge$LoggerConfiguration
Event: 6.649 loading class sun/util/logging/PlatformLogger$ConfigurableBridge$LoggerConfiguration done
Event: 6.649 loading class sun/util/logging/internal/LoggingProviderImpl$JULWrapper done
Event: 6.649 loading class java/io/ObjectInputFilter
Event: 6.649 loading class java/io/ObjectInputFilter done
Event: 6.650 loading class java/io/ObjectInputFilter$Config$BuiltinFilterFactory
Event: 6.650 loading class java/io/ObjectInputFilter$Config$BuiltinFilterFactory done
Event: 6.650 loading class jdk/internal/access/JavaObjectInputFilterAccess
Event: 6.650 loading class jdk/internal/access/JavaObjectInputFilterAccess done
Event: 6.650 loading class java/lang/System$Logger$Level
Event: 6.650 loading class java/lang/System$Logger$Level done
Event: 6.650 loading class java/io/Bits
Event: 6.650 loading class java/io/Bits done
Event: 7.286 loading class java/util/ArrayList$ListItr
Event: 7.286 loading class java/util/ArrayList$ListItr done
Event: 8.589 loading class sun/nio/cs/Surrogate$Parser
Event: 8.590 loading class sun/nio/cs/Surrogate$Parser done
Event: 8.590 loading class sun/nio/cs/Surrogate
Event: 8.590 loading class sun/nio/cs/Surrogate done


Dynamic libraries:
0x00007ff7e3660000 - 0x00007ff7e3670000 	C:\Program Files\Java\jdk-17\bin\java.exe
0x00007ffeec420000 - 0x00007ffeec689000 	C:\WINDOWS\SYSTEM32\ntdll.dll
0x00007ffeec190000 - 0x00007ffeec259000 	C:\WINDOWS\System32\KERNEL32.DLL
0x00007ffee9b70000 - 0x00007ffee9f63000 	C:\WINDOWS\System32\KERNELBASE.dll
0x00007ffee9820000 - 0x00007ffee996b000 	C:\WINDOWS\System32\ucrtbase.dll
0x00007ffec41c0000 - 0x00007ffec41db000 	C:\Program Files\Java\jdk-17\bin\VCRUNTIME140.dll
0x00007ffebf4d0000 - 0x00007ffebf4e9000 	C:\Program Files\Java\jdk-17\bin\jli.dll
0x00007ffeeb950000 - 0x00007ffeeba04000 	C:\WINDOWS\System32\ADVAPI32.dll
0x00007ffeec260000 - 0x00007ffeec309000 	C:\WINDOWS\System32\msvcrt.dll
0x00007ffeeb430000 - 0x00007ffeeb4d6000 	C:\WINDOWS\System32\sechost.dll
0x00007ffeeba10000 - 0x00007ffeebb28000 	C:\WINDOWS\System32\RPCRT4.dll
0x00007ffeeab70000 - 0x00007ffeead34000 	C:\WINDOWS\System32\USER32.dll
0x00007ffee9670000 - 0x00007ffee9697000 	C:\WINDOWS\System32\win32u.dll
0x00007ffed85c0000 - 0x00007ffed8853000 	C:\WINDOWS\WinSxS\amd64_microsoft.windows.common-controls_6595b64144ccf1df_6.0.26100.5074_none_3e0d6f78e32fd63f\COMCTL32.dll
0x00007ffeeb920000 - 0x00007ffeeb94b000 	C:\WINDOWS\System32\GDI32.dll
0x00007ffeea020000 - 0x00007ffeea14d000 	C:\WINDOWS\System32\gdi32full.dll
0x00007ffee9f70000 - 0x00007ffeea013000 	C:\WINDOWS\System32\msvcp_win.dll
0x00007ffee1450000 - 0x00007ffee145b000 	C:\WINDOWS\SYSTEM32\VERSION.dll
0x00007ffeec390000 - 0x00007ffeec3bf000 	C:\WINDOWS\System32\IMM32.DLL
0x00007ffed4590000 - 0x00007ffed459c000 	C:\Program Files\Java\jdk-17\bin\vcruntime140_1.dll
0x00007ffe9dcc0000 - 0x00007ffe9dd4e000 	C:\Program Files\Java\jdk-17\bin\msvcp140.dll
0x00007ffe880b0000 - 0x00007ffe88c91000 	C:\Program Files\Java\jdk-17\bin\server\jvm.dll
0x00007ffeeb4e0000 - 0x00007ffeeb4e8000 	C:\WINDOWS\System32\PSAPI.DLL
0x00007ffedda30000 - 0x00007ffedda3a000 	C:\WINDOWS\SYSTEM32\WSOCK32.dll
0x00007ffee13e0000 - 0x00007ffee1415000 	C:\WINDOWS\SYSTEM32\WINMM.dll
0x00007ffeec310000 - 0x00007ffeec384000 	C:\WINDOWS\System32\WS2_32.dll
0x00007ffee8390000 - 0x00007ffee83ab000 	C:\WINDOWS\SYSTEM32\kernel.appcore.dll
0x00007ffed3630000 - 0x00007ffed363a000 	C:\Program Files\Java\jdk-17\bin\jimage.dll
0x00007ffee2050000 - 0x00007ffee2292000 	C:\WINDOWS\SYSTEM32\DBGHELP.DLL
0x00007ffeeada0000 - 0x00007ffeeb11b000 	C:\WINDOWS\System32\combase.dll
0x00007ffeeb6c0000 - 0x00007ffeeb797000 	C:\WINDOWS\System32\OLEAUT32.dll
0x00007ffed2f80000 - 0x00007ffed2fbd000 	C:\WINDOWS\SYSTEM32\dbgcore.DLL
0x00007ffeea150000 - 0x00007ffeea1e9000 	C:\WINDOWS\System32\bcryptPrimitives.dll
0x00007ffeab180000 - 0x00007ffeab1a5000 	C:\Program Files\Java\jdk-17\bin\java.dll
0x00007ffe98ee0000 - 0x00007ffe98fb7000 	C:\Program Files\Java\jdk-17\bin\jsvml.dll
0x00007ffeea360000 - 0x00007ffeeaaad000 	C:\WINDOWS\System32\SHELL32.dll
0x00007ffee9970000 - 0x00007ffee9adc000 	C:\WINDOWS\System32\wintypes.dll
0x00007ffee7250000 - 0x00007ffee7aa9000 	C:\WINDOWS\SYSTEM32\windows.storage.dll
0x00007ffeeb820000 - 0x00007ffeeb910000 	C:\WINDOWS\System32\SHCORE.dll
0x00007ffeebc90000 - 0x00007ffeebcf2000 	C:\WINDOWS\System32\shlwapi.dll
0x00007ffee94d0000 - 0x00007ffee94f9000 	C:\WINDOWS\SYSTEM32\profapi.dll
0x00007ffea7250000 - 0x00007ffea7269000 	C:\Program Files\Java\jdk-17\bin\net.dll
0x00007ffee2e20000 - 0x00007ffee2f3f000 	C:\WINDOWS\SYSTEM32\WINHTTP.dll
0x00007ffee8910000 - 0x00007ffee897b000 	C:\WINDOWS\system32\mswsock.dll
0x00007ffea6250000 - 0x00007ffea6266000 	C:\Program Files\Java\jdk-17\bin\nio.dll
0x00007ffea4af0000 - 0x00007ffea4b08000 	C:\Program Files\Java\jdk-17\bin\zip.dll
0x00007ffed3190000 - 0x00007ffed31a0000 	C:\Program Files\Java\jdk-17\bin\verify.dll
0x00007ffed35c0000 - 0x00007ffed35ca000 	C:\Program Files\Java\jdk-17\bin\management.dll
0x00007ffed3310000 - 0x00007ffed331b000 	C:\Program Files\Java\jdk-17\bin\management_ext.dll
0x00007ffec9120000 - 0x00007ffec9147000 	C:\Users\Arvin\.gradle\native\1def1411415f61bf3af743bc5b6707747c0891f09f0c88961ee8f79bc544acac\windows-amd64\native-platform.dll
0x00007ffee65d0000 - 0x00007ffee65da000 	C:\Users\Arvin\.gradle\native\jansi\1.18\windows64\jansi.dll
0x00007ffee7db0000 - 0x00007ffee7de4000 	C:\WINDOWS\SYSTEM32\IPHLPAPI.DLL
0x00007ffeeb1b0000 - 0x00007ffeeb1ba000 	C:\WINDOWS\System32\NSI.dll
0x00007ffee2570000 - 0x00007ffee258e000 	C:\WINDOWS\SYSTEM32\dhcpcsvc6.DLL
0x00007ffee23c0000 - 0x00007ffee23e3000 	C:\WINDOWS\SYSTEM32\dhcpcsvc.DLL
0x00007ffee7df0000 - 0x00007ffee7f16000 	C:\WINDOWS\SYSTEM32\DNSAPI.dll
0x00007ffee8bb0000 - 0x00007ffee8bcb000 	C:\WINDOWS\SYSTEM32\CRYPTSP.dll
0x00007ffee82f0000 - 0x00007ffee832b000 	C:\WINDOWS\system32\rsaenh.dll
0x00007ffee89b0000 - 0x00007ffee89db000 	C:\WINDOWS\SYSTEM32\USERENV.dll
0x00007ffee94a0000 - 0x00007ffee94c6000 	C:\WINDOWS\SYSTEM32\bcrypt.dll
0x00007ffee8bd0000 - 0x00007ffee8bdc000 	C:\WINDOWS\SYSTEM32\CRYPTBASE.dll
0x00007ffececc0000 - 0x00007ffececce000 	C:\Program Files\Java\jdk-17\bin\sunmscapi.dll
0x00007ffee96a0000 - 0x00007ffee9817000 	C:\WINDOWS\System32\CRYPT32.dll
0x00007ffee8dd0000 - 0x00007ffee8e00000 	C:\WINDOWS\SYSTEM32\ncrypt.dll
0x00007ffee8d80000 - 0x00007ffee8dbf000 	C:\WINDOWS\SYSTEM32\NTASN1.dll
0x00007ffe54790000 - 0x00007ffe54798000 	C:\WINDOWS\system32\wshunix.dll

dbghelp: loaded successfully - version: 4.0.5 - missing functions: none
symbol engine: initialized successfully - sym options: 0x614 - pdb path: .;C:\Program Files\Java\jdk-17\bin;C:\WINDOWS\SYSTEM32;C:\WINDOWS\WinSxS\amd64_microsoft.windows.common-controls_6595b64144ccf1df_6.0.26100.5074_none_3e0d6f78e32fd63f;C:\Program Files\Java\jdk-17\bin\server;C:\Users\Arvin\.gradle\native\1def1411415f61bf3af743bc5b6707747c0891f09f0c88961ee8f79bc544acac\windows-amd64;C:\Users\Arvin\.gradle\native\jansi\1.18\windows64

VM Arguments:
jvm_args: -Xmx64m -Xms64m -Dorg.gradle.appname=gradlew 
java_command: org.gradle.wrapper.GradleWrapperMain assembleDebug
java_class_path (initial): C:\Users\Arvin\Desktop\NutriFitApp\android\\gradle\wrapper\gradle-wrapper.jar
Launcher Type: SUN_STANDARD

[Global flags]
     intx CICompilerCount                          = 4                                         {product} {ergonomic}
     uint ConcGCThreads                            = 3                                         {product} {ergonomic}
     uint G1ConcRefinementThreads                  = 10                                        {product} {ergonomic}
   size_t G1HeapRegionSize                         = 1048576                                   {product} {ergonomic}
    uintx GCDrainStackTargetSize                   = 64                                        {product} {ergonomic}
   size_t InitialHeapSize                          = 67108864                                  {product} {command line}
   size_t MarkStackSize                            = 4194304                                   {product} {ergonomic}
   size_t MaxHeapSize                              = 67108864                                  {product} {command line}
   size_t MaxNewSize                               = 39845888                                  {product} {ergonomic}
   size_t MinHeapDeltaBytes                        = 1048576                                   {product} {ergonomic}
   size_t MinHeapSize                              = 67108864                                  {product} {command line}
    uintx NonNMethodCodeHeapSize                   = 5839372                                {pd product} {ergonomic}
    uintx NonProfiledCodeHeapSize                  = 122909434                              {pd product} {ergonomic}
    uintx ProfiledCodeHeapSize                     = 122909434                              {pd product} {ergonomic}
    uintx ReservedCodeCacheSize                    = 251658240                              {pd product} {ergonomic}
     bool SegmentedCodeCache                       = true                                      {product} {ergonomic}
   size_t SoftMaxHeapSize                          = 67108864                               {manageable} {ergonomic}
     bool UseCompressedClassPointers               = true                           {product lp64_product} {ergonomic}
     bool UseCompressedOops                        = true                           {product lp64_product} {ergonomic}
     bool UseG1GC                                  = true                                      {product} {ergonomic}
     bool UseLargePagesIndividualAllocation        = false                                  {pd product} {ergonomic}

Logging:
Log output configuration:
 #0: stdout all=warning uptime,level,tags
 #1: stderr all=off uptime,level,tags

Environment Variables:
JAVA_HOME=C:\Program Files\Java\jdk-17
CLASSPATH=C:\Users\Arvin\Desktop\NutriFitApp\android\\gradle\wrapper\gradle-wrapper.jar
PATH=C:\Users\Arvin\AppData\Local\Android\Sdk\platform-tools;C:\Users\Arvin\AppData\Local\Android\Sdk\tools;C:\Users\Arvin\AppData\Local\Android\Sdk\tools\bin;C:\Users\Arvin\AppData\Local\Android\Sdk\emulator;C:\Program Files\Java\jdk-17\bin;C:\Program Files\Common Files\Oracle\Java\javapath;C:\WINDOWS\system32;C:\WINDOWS;C:\WINDOWS\System32\Wbem;C:\WINDOWS\System32\WindowsPowerShell\v1.0\;C:\WINDOWS\System32\OpenSSH\;C:\Program Files\Tailscale\;C:\Program Files\Git\cmd;C:\Users\Admin\AppData\Local\nvm;C:\nodejs;C:\Program Files\php-8.4.3-nts-Win32-vs17-x64;C:\composer;C:\apache-maven-3.9.10\bin;C:\Program Files\nodejs\;C:\Users\Arvin\AppData\Local\Android\Sdk\tools\bin;C:\Users\Arvin\AppData\Local\Android\Sdk\platform-tools;C:\Users\Arvin\AppData\Local\Android\Sdk\tools;C:\Program Files\Eclipse Adoptium\jdk-17.0.16.8-hotspot\bin;C:\Program Files\Common Files\Oracle\Java\javapath;C:\WINDOWS\system32;C:\WINDOWS;C:\WINDOWS\System32\Wbem;C:\WINDOWS\System32\WindowsPowerShell\v1.0\;C:\WINDOWS\System32\OpenSSH\;C:\Program Files\Tailscale\;C:\Program Files\Git\cmd;C:\Users\Admin\AppData\Local\nvm;C:\nodejs;C:\Program Files\php-8.4.3-nts-Win32-vs17-x64;C:\composer;C:\apache-maven-3.9.10\bin;C:\Program Files\nodejs\;C:\Users\Arvin\AppData\Local\Programs\Python\Python310\Scripts\;C:\Users\Arvin\AppData\Local\Programs\Python\Python310\;C:\Users\Arvin\AppData\Local\Microsoft\WindowsApps;C:\Users\Arvin\AppData\Local\Programs\Microsoft VS Code\bin;C:\Users\Arvin\AppData\Roaming\Composer\vendor\bin;C:\Program Files\MySQL\MySQL Server 8.4\bin;C:\Program Files\JetBrains\IntelliJ IDEA 2025.1.1.1\bin;C:\apache-maven-3.9.10\bin;C:\Users\Admin\AppData\Local\nvm;C:\nodejs;C:\Users\Arvin\AppData\Roaming\npm;
USERNAME=Arvin
OS=Windows_NT
PROCESSOR_IDENTIFIER=AMD64 Family 23 Model 96 Stepping 1, AuthenticAMD



---------------  S Y S T E M  ---------------

OS:
 Windows 11 , 64 bit Build 26100 (10.0.26100.5074)
OS uptime: 0 days 10:09 hours

CPU: total 12 (initial active 12) (12 cores per cpu, 2 threads per core) family 23 model 96 stepping 1 microcode 0x860010d, cx8, cmov, fxsr, ht, mmx, 3dnowpref, sse, sse2, sse3, ssse3, sse4a, sse4.1, sse4.2, popcnt, lzcnt, tsc, tscinvbit, avx, avx2, aes, clmul, bmi1, bmi2, adx, sha, fma, vzeroupper, clflush, clflushopt

Memory: 4k page, system-wide physical 7568M (1020M free)
TotalPageFile size 22725M (AvailPageFile size 0M)
current process WorkingSet (physical memory assigned to process): 14M, peak: 115M
current process commit charge ("private bytes"): 170M, peak: 181M

vm_info: Java HotSpot(TM) 64-Bit Server VM (17.0.15+9-LTS-241) for windows-amd64 JRE (17.0.15+9-LTS-241), built on Feb 20 2025 10:49:54 by "mach5one" with MS VC++ 17.6 (VS2022)

END.
